<?xml version="1.0" encoding="UTF-8"?>
<!-- Generated by org.testng.reporters.JUnitReportReporter -->
<testsuite hostname="Kasun" name="io.swagger.codegen.cmd.utils.OptionUtilsTest" tests="2" failures="0" timestamp="26 Oct 2016 13:58:30 GMT" time="0.009" errors="0">
  <testcase name="splitCommaSeparatedList" time="0.006" classname="io.swagger.codegen.cmd.utils.OptionUtilsTest"/>
  <testcase name="testParseCommaSeparatedTuples" time="0.003" classname="io.swagger.codegen.cmd.utils.OptionUtilsTest"/>
</testsuite> <!-- io.swagger.codegen.cmd.utils.OptionUtilsTest -->
