<?xml version="1.0" encoding="UTF-8"?>
<!-- Generated by org.testng.reporters.JUnitReportReporter -->
<testsuite hostname="Kasun" name="io.swagger.generator.GeneratorInputTest" tests="1" failures="0" timestamp="30 Sep 2016 13:54:30 GMT" time="0.011" errors="0">
  <testcase name="writeObjectTest" time="0.011" classname="io.swagger.generator.GeneratorInputTest"/>
</testsuite> <!-- io.swagger.generator.GeneratorInputTest -->
