<?xml version="1.0" encoding="UTF-8"?>
<!-- Generated by org.testng.reporters.JUnitReportReporter -->
<testsuite hostname="Kasun" name="io.swagger.generator.GeneratorInputTest" tests="1" failures="0" timestamp="26 Oct 2016 13:58:56 GMT" time="0.031" errors="0">
  <testcase name="writeObjectTest" time="0.031" classname="io.swagger.generator.GeneratorInputTest"/>
</testsuite> <!-- io.swagger.generator.GeneratorInputTest -->
