<?xml version="1.0" encoding="UTF-8"?>
<!-- Generated by org.testng.reporters.JUnitReportReporter -->
<testsuite hostname="Kasun" name="io.swagger.generator.online.OnlineJavaClientOptionsTest" tests="1" failures="0" timestamp="26 Oct 2016 13:58:56 GMT" time="0.155" errors="0">
  <testcase name="getOptionsTest" time="0.155" classname="io.swagger.generator.online.OnlineJavaClientOptionsTest"/>
</testsuite> <!-- io.swagger.generator.online.OnlineJavaClientOptionsTest -->
