<?xml version="1.0" encoding="UTF-8"?>
<!-- Generated by org.testng.reporters.JUnitReportReporter -->
<testsuite hostname="Kasun" name="io.swagger.generator.online.OnlineJavaClientOptionsTest" tests="1" failures="0" timestamp="20 Sep 2016 05:50:42 GMT" time="0.063" errors="0">
  <testcase name="getOptionsTest" time="0.063" classname="io.swagger.generator.online.OnlineJavaClientOptionsTest"/>
</testsuite> <!-- io.swagger.generator.online.OnlineJavaClientOptionsTest -->
