<?xml version="1.0" encoding="UTF-8"?>
<!-- Generated by org.testng.reporters.JUnitReportReporter -->
<testsuite hostname="Kasun" name="io.swagger.codegen.objc.ObjcClientOptionsTest" tests="2" failures="0" timestamp="30 Sep 2016 13:54:15 GMT" time="0.090" errors="0">
  <testcase name="checkOptionsHelp" time="0.005" classname="io.swagger.codegen.objc.ObjcClientOptionsTest"/>
  <testcase name="checkOptionsProcessing" time="0.085" classname="io.swagger.codegen.objc.ObjcClientOptionsTest"/>
</testsuite> <!-- io.swagger.codegen.objc.ObjcClientOptionsTest -->
