<?xml version="1.0" encoding="UTF-8"?>
<!-- Generated by org.testng.reporters.JUnitReportReporter -->
<testsuite hostname="Kasun" name="io.swagger.codegen.java.JavaModelEnumTest" tests="2" failures="0" timestamp="26 Oct 2016 13:58:17 GMT" time="0.009" errors="0">
  <testcase name="overrideEnumTest" time="0.004" classname="io.swagger.codegen.java.JavaModelEnumTest"/>
  <testcase name="converterTest" time="0.005" classname="io.swagger.codegen.java.JavaModelEnumTest"/>
</testsuite> <!-- io.swagger.codegen.java.JavaModelEnumTest -->
