<?xml version="1.0" encoding="UTF-8"?>
<!-- Generated by org.testng.reporters.JUnitReportReporter -->
<testsuite hostname="Kasun" name="io.swagger.codegen.aspnet5.AspNet5ServerOptionsTest" tests="2" failures="0" timestamp="26 Oct 2016 13:58:18 GMT" time="0.126" errors="0">
  <testcase name="checkOptionsHelp" time="0.009" classname="io.swagger.codegen.aspnet5.AspNet5ServerOptionsTest"/>
  <testcase name="checkOptionsProcessing" time="0.117" classname="io.swagger.codegen.aspnet5.AspNet5ServerOptionsTest"/>
</testsuite> <!-- io.swagger.codegen.aspnet5.AspNet5ServerOptionsTest -->
