<?xml version="1.0" encoding="UTF-8"?>
<!-- Generated by org.testng.reporters.JUnitReportReporter -->
<testsuite hostname="Kasun" name="io.swagger.codegen.javascript.JavaScriptModelEnumTest" tests="4" failures="0" timestamp="30 Sep 2016 13:54:15 GMT" time="0.118" errors="0">
  <testcase name="enumArrayMdoelTest" time="0.078" classname="io.swagger.codegen.javascript.JavaScriptModelEnumTest"/>
  <testcase name="overrideEnumTest" time="0.002" classname="io.swagger.codegen.javascript.JavaScriptModelEnumTest"/>
  <testcase name="enumMdoelValueTest" time="0.037" classname="io.swagger.codegen.javascript.JavaScriptModelEnumTest"/>
  <testcase name="converterTest" time="0.001" classname="io.swagger.codegen.javascript.JavaScriptModelEnumTest"/>
</testsuite> <!-- io.swagger.codegen.javascript.JavaScriptModelEnumTest -->
