<?xml version="1.0" encoding="UTF-8"?>
<!-- Generated by org.testng.reporters.JUnitReportReporter -->
<testsuite hostname="Kasun" name="io.swagger.codegen.flash.FlashClienOptionsTest" tests="2" failures="0" timestamp="26 Oct 2016 13:58:18 GMT" time="0.212" errors="0">
  <testcase name="checkOptionsProcessing" time="0.203" classname="io.swagger.codegen.flash.FlashClienOptionsTest"/>
  <testcase name="checkOptionsHelp" time="0.009" classname="io.swagger.codegen.flash.FlashClienOptionsTest"/>
</testsuite> <!-- io.swagger.codegen.flash.FlashClienOptionsTest -->
