<?xml version="1.0" encoding="UTF-8"?>
<!-- Generated by org.testng.reporters.JUnitReportReporter -->
<testsuite hostname="Kasun" name="io.swagger.codegen.java.AbstractJavaCodegenTest" tests="1" failures="0" timestamp="30 Sep 2016 13:54:15 GMT" time="0.000" errors="0">
  <testcase name="toEnumVarNameShouldNotShortenUnderScore" time="0.000" classname="io.swagger.codegen.java.AbstractJavaCodegenTest"/>
</testsuite> <!-- io.swagger.codegen.java.AbstractJavaCodegenTest -->
