<?xml version="1.0" encoding="UTF-8"?>
<!-- Generated by org.testng.reporters.JUnitReportReporter -->
<testsuite hostname="Kasun" name="io.swagger.codegen.ClientAuthInputTest" tests="1" failures="0" timestamp="30 Sep 2016 13:54:15 GMT" time="0.004" errors="0">
  <testcase name="clientAuthInputTest" time="0.004" classname="io.swagger.codegen.ClientAuthInputTest"/>
</testsuite> <!-- io.swagger.codegen.ClientAuthInputTest -->
