<?xml version="1.0" encoding="UTF-8"?>
<!-- Generated by org.testng.reporters.JUnitReportReporter -->
<testsuite hostname="Kasun" name="io.swagger.codegen.scalatra.ScalatraServerOptionsTest" tests="2" failures="0" timestamp="20 Sep 2016 05:50:07 GMT" time="0.099" errors="0">
  <testcase name="checkOptionsProcessing" time="0.096" classname="io.swagger.codegen.scalatra.ScalatraServerOptionsTest"/>
  <testcase name="checkOptionsHelp" time="0.003" classname="io.swagger.codegen.scalatra.ScalatraServerOptionsTest"/>
</testsuite> <!-- io.swagger.codegen.scalatra.ScalatraServerOptionsTest -->
