<?xml version="1.0" encoding="UTF-8"?>
<!-- Generated by org.testng.reporters.JUnitReportReporter -->
<testsuite hostname="Kasun" name="io.swagger.codegen.php.PhpModelTest" tests="17" failures="0" timestamp="26 Oct 2016 13:58:18 GMT" time="0.172" errors="0">
  <testcase name="complexMapProperty" time="0.001" classname="io.swagger.codegen.php.PhpModelTest"/>
  <testcase name="modelNameTest" time="0.001" classname="io.swagger.codegen.php.PhpModelTest"/>
  <testcase name="enumMdoelValueTest" time="0.065" classname="io.swagger.codegen.php.PhpModelTest"/>
  <testcase name="complexPropertyTest" time="0.001" classname="io.swagger.codegen.php.PhpModelTest"/>
  <testcase name="modelNameTest" time="0.001" classname="io.swagger.codegen.php.PhpModelTest"/>
  <testcase name="modelNameTest" time="0.001" classname="io.swagger.codegen.php.PhpModelTest"/>
  <testcase name="listPropertyTest" time="0.002" classname="io.swagger.codegen.php.PhpModelTest"/>
  <testcase name="modelNameTest" time="0.001" classname="io.swagger.codegen.php.PhpModelTest"/>
  <testcase name="simpleModelTest" time="0.002" classname="io.swagger.codegen.php.PhpModelTest"/>
  <testcase name="complexListProperty" time="0.003" classname="io.swagger.codegen.php.PhpModelTest"/>
  <testcase name="modelNameTest" time="0.001" classname="io.swagger.codegen.php.PhpModelTest"/>
  <testcase name="enumArrayMdoelTest" time="0.078" classname="io.swagger.codegen.php.PhpModelTest"/>
  <testcase name="modelNameTest" time="0.001" classname="io.swagger.codegen.php.PhpModelTest"/>
  <testcase name="mapPropertyTest" time="0.002" classname="io.swagger.codegen.php.PhpModelTest"/>
  <testcase name="mapModelTest" time="0.001" classname="io.swagger.codegen.php.PhpModelTest"/>
  <testcase name="arrayModelTest" time="0.010" classname="io.swagger.codegen.php.PhpModelTest"/>
  <testcase name="modelNameTest" time="0.001" classname="io.swagger.codegen.php.PhpModelTest"/>
</testsuite> <!-- io.swagger.codegen.php.PhpModelTest -->
