<?xml version="1.0" encoding="UTF-8"?>
<!-- Generated by org.testng.reporters.JUnitReportReporter -->
<testsuite hostname="Kasun" name="io.swagger.codegen.lumen.LumenServerOptionsTest" tests="2" failures="0" timestamp="26 Oct 2016 13:58:18 GMT" time="0.298" errors="0">
  <testcase name="checkOptionsProcessing" time="0.290" classname="io.swagger.codegen.lumen.LumenServerOptionsTest"/>
  <testcase name="checkOptionsHelp" time="0.008" classname="io.swagger.codegen.lumen.LumenServerOptionsTest"/>
</testsuite> <!-- io.swagger.codegen.lumen.LumenServerOptionsTest -->
