<?xml version="1.0" encoding="UTF-8"?>
<!-- Generated by org.testng.reporters.JUnitReportReporter -->
<testsuite hostname="Kasun" name="io.swagger.codegen.ruby.RubyClientCodegenTest" tests="1" failures="0" timestamp="30 Sep 2016 13:54:15 GMT" time="0.235" errors="0">
  <testcase name="testGenerateRubyClientWithHtmlEntity" time="0.235" classname="io.swagger.codegen.ruby.RubyClientCodegenTest"/>
</testsuite> <!-- io.swagger.codegen.ruby.RubyClientCodegenTest -->
