<?xml version="1.0" encoding="UTF-8"?>
<!-- Generated by org.testng.reporters.JUnitReportReporter -->
<testsuite hostname="Kasun" name="io.swagger.codegen.android.AndroidClientOptionsTest" tests="2" failures="0" timestamp="26 Oct 2016 13:58:17 GMT" time="0.089" errors="0">
  <testcase name="checkOptionsHelp" time="0.005" classname="io.swagger.codegen.android.AndroidClientOptionsTest"/>
  <testcase name="checkOptionsProcessing" time="0.084" classname="io.swagger.codegen.android.AndroidClientOptionsTest"/>
</testsuite> <!-- io.swagger.codegen.android.AndroidClientOptionsTest -->
