<?xml version="1.0" encoding="UTF-8"?>
<!-- Generated by org.testng.reporters.JUnitReportReporter -->
<testsuite hostname="Kasun" name="io.swagger.codegen.java.JavaInheritanceTest" tests="2" failures="0" timestamp="20 Sep 2016 05:50:07 GMT" time="0.004" errors="0">
  <testcase name="javaInheritanceTest" time="0.004" classname="io.swagger.codegen.java.JavaInheritanceTest"/>
  <testcase name="javaInheritanceWithDiscriminatorTest" time="0.000" classname="io.swagger.codegen.java.JavaInheritanceTest"/>
</testsuite> <!-- io.swagger.codegen.java.JavaInheritanceTest -->
