<?xml version="1.0" encoding="UTF-8"?>
<!-- Generated by org.testng.reporters.JUnitReportReporter -->
<testsuite hostname="Kasun" name="io.swagger.codegen.typescript.typescriptnode.TypeScriptNodeModelTest" tests="6" failures="0" timestamp="26 Oct 2016 13:58:18 GMT" time="0.445" errors="0">
  <testcase name="simpleModelTest" time="0.007" classname="io.swagger.codegen.typescript.typescriptnode.TypeScriptNodeModelTest"/>
  <testcase name="mapModelTest" time="0.023" classname="io.swagger.codegen.typescript.typescriptnode.TypeScriptNodeModelTest"/>
  <testcase name="complexListPropertyTest" time="0.024" classname="io.swagger.codegen.typescript.typescriptnode.TypeScriptNodeModelTest"/>
  <testcase name="arrayModelTest" time="0.361" classname="io.swagger.codegen.typescript.typescriptnode.TypeScriptNodeModelTest"/>
  <testcase name="listPropertyTest" time="0.025" classname="io.swagger.codegen.typescript.typescriptnode.TypeScriptNodeModelTest"/>
  <testcase name="complexPropertyTest" time="0.005" classname="io.swagger.codegen.typescript.typescriptnode.TypeScriptNodeModelTest"/>
</testsuite> <!-- io.swagger.codegen.typescript.typescriptnode.TypeScriptNodeModelTest -->
