<?xml version="1.0" encoding="UTF-8"?>
<!-- Generated by org.testng.reporters.JUnitReportReporter -->
<testsuite hostname="Kasun" name="io.swagger.codegen.silex.SilexServerOptionsTest" tests="2" failures="0" timestamp="30 Sep 2016 13:54:15 GMT" time="0.085" errors="0">
  <testcase name="checkOptionsHelp" time="0.003" classname="io.swagger.codegen.silex.SilexServerOptionsTest"/>
  <testcase name="checkOptionsProcessing" time="0.082" classname="io.swagger.codegen.silex.SilexServerOptionsTest"/>
</testsuite> <!-- io.swagger.codegen.silex.SilexServerOptionsTest -->
