<?xml version="1.0" encoding="UTF-8"?>
<!-- Generated by org.testng.reporters.JUnitReportReporter -->
<testsuite hostname="Kasun" name="io.swagger.codegen.java.JavaInheritanceTest" tests="2" failures="0" timestamp="26 Oct 2016 13:58:17 GMT" time="0.013" errors="0">
  <testcase name="javaInheritanceTest" time="0.012" classname="io.swagger.codegen.java.JavaInheritanceTest"/>
  <testcase name="javaInheritanceWithDiscriminatorTest" time="0.001" classname="io.swagger.codegen.java.JavaInheritanceTest"/>
</testsuite> <!-- io.swagger.codegen.java.JavaInheritanceTest -->
