<?xml version="1.0" encoding="UTF-8"?>
<!-- Generated by org.testng.reporters.JUnitReportReporter -->
<testsuite hostname="Kasun" name="io.swagger.codegen.CodegenTest" tests="12" failures="0" timestamp="30 Sep 2016 13:54:15 GMT" time="0.362" errors="0">
  <testcase name="fileUploadParamTest" time="0.019" classname="io.swagger.codegen.CodegenTest"/>
  <testcase name="localResetConsumesAndProducesTest" time="0.003" classname="io.swagger.codegen.CodegenTest"/>
  <testcase name="formParamTest" time="0.013" classname="io.swagger.codegen.CodegenTest"/>
  <testcase name="enumQueryParameterTest" time="0.015" classname="io.swagger.codegen.CodegenTest"/>
  <testcase name="responseSelectionTest2" time="0.004" classname="io.swagger.codegen.CodegenTest"/>
  <testcase name="responseSelectionTest1" time="0.006" classname="io.swagger.codegen.CodegenTest"/>
  <testcase name="enumArrayQueryParameterTest" time="0.047" classname="io.swagger.codegen.CodegenTest"/>
  <testcase name="requiredParametersTest" time="0.004" classname="io.swagger.codegen.CodegenTest"/>
  <testcase name="binaryDataTest" time="0.218" classname="io.swagger.codegen.CodegenTest"/>
  <testcase name="localConsumesAndProducesTest" time="0.004" classname="io.swagger.codegen.CodegenTest"/>
  <testcase name="discriminatorTest" time="0.014" classname="io.swagger.codegen.CodegenTest"/>
  <testcase name="globalConsumesAndProducesTest" time="0.015" classname="io.swagger.codegen.CodegenTest"/>
</testsuite> <!-- io.swagger.codegen.CodegenTest -->
