<?xml version="1.0" encoding="UTF-8"?>
<!-- Generated by org.testng.reporters.JUnitReportReporter -->
<testsuite hostname="Kasun" name="io.swagger.codegen.statichtml.StaticHtmlTagsTest" tests="1" failures="0" timestamp="20 Sep 2016 05:50:07 GMT" time="0.039" errors="0">
  <testcase name="testApiTags" time="0.039" classname="io.swagger.codegen.statichtml.StaticHtmlTagsTest"/>
</testsuite> <!-- io.swagger.codegen.statichtml.StaticHtmlTagsTest -->
