<?xml version="1.0" encoding="UTF-8"?>
<!-- Generated by org.testng.reporters.JUnitReportReporter -->
<testsuite hostname="Kasun" name="io.swagger.codegen.sinatra.SinatraServerOptionsTest" tests="2" failures="0" timestamp="26 Oct 2016 13:58:18 GMT" time="0.231" errors="0">
  <testcase name="checkOptionsHelp" time="0.014" classname="io.swagger.codegen.sinatra.SinatraServerOptionsTest"/>
  <testcase name="checkOptionsProcessing" time="0.217" classname="io.swagger.codegen.sinatra.SinatraServerOptionsTest"/>
</testsuite> <!-- io.swagger.codegen.sinatra.SinatraServerOptionsTest -->
