<?xml version="1.0" encoding="UTF-8"?>
<!-- Generated by org.testng.reporters.JUnitReportReporter -->
<testsuite hostname="Kasun" name="io.swagger.codegen.tizen.TizenClientOptionsTest" tests="2" failures="0" timestamp="26 Oct 2016 13:58:18 GMT" time="0.206" errors="0">
  <testcase name="checkOptionsHelp" time="0.009" classname="io.swagger.codegen.tizen.TizenClientOptionsTest"/>
  <testcase name="checkOptionsProcessing" time="0.197" classname="io.swagger.codegen.tizen.TizenClientOptionsTest"/>
</testsuite> <!-- io.swagger.codegen.tizen.TizenClientOptionsTest -->
