<?xml version="1.0" encoding="UTF-8"?>
<!-- Generated by org.testng.reporters.JUnitReportReporter -->
<testsuite hostname="Kasun" name="io.swagger.codegen.swift.SwiftModelTest" tests="1" failures="0" timestamp="30 Sep 2016 13:54:15 GMT" time="0.001" errors="0">
  <testcase name="simpleModelTest" time="0.001" classname="io.swagger.codegen.swift.SwiftModelTest"/>
</testsuite> <!-- io.swagger.codegen.swift.SwiftModelTest -->
