<?xml version="1.0" encoding="UTF-8"?>
<!-- Generated by org.testng.reporters.JUnitReportReporter -->
<testsuite hostname="Kasun" name="io.swagger.codegen.go.GoClientOptionsTest" tests="2" failures="0" timestamp="26 Oct 2016 13:58:18 GMT" time="0.210" errors="0">
  <testcase name="checkOptionsProcessing" time="0.198" classname="io.swagger.codegen.go.GoClientOptionsTest"/>
  <testcase name="checkOptionsHelp" time="0.012" classname="io.swagger.codegen.go.GoClientOptionsTest"/>
</testsuite> <!-- io.swagger.codegen.go.GoClientOptionsTest -->
