<?xml version="1.0" encoding="UTF-8"?>
<!-- Generated by org.testng.reporters.JUnitReportReporter -->
<testsuite hostname="Kasun" name="io.swagger.codegen.javascript.JavaScriptModelEnumTest" tests="4" failures="0" timestamp="20 Sep 2016 05:50:07 GMT" time="0.118" errors="0">
  <testcase name="enumArrayMdoelTest" time="0.084" classname="io.swagger.codegen.javascript.JavaScriptModelEnumTest"/>
  <testcase name="overrideEnumTest" time="0.001" classname="io.swagger.codegen.javascript.JavaScriptModelEnumTest"/>
  <testcase name="enumMdoelValueTest" time="0.033" classname="io.swagger.codegen.javascript.JavaScriptModelEnumTest"/>
  <testcase name="converterTest" time="0.000" classname="io.swagger.codegen.javascript.JavaScriptModelEnumTest"/>
</testsuite> <!-- io.swagger.codegen.javascript.JavaScriptModelEnumTest -->
