<?xml version="1.0" encoding="UTF-8"?>
<!-- Generated by org.testng.reporters.JUnitReportReporter -->
<testsuite hostname="Kasun" name="io.swagger.codegen.go.GoClientOptionsTest" tests="2" failures="0" timestamp="20 Sep 2016 05:50:07 GMT" time="0.086" errors="0">
  <testcase name="checkOptionsProcessing" time="0.081" classname="io.swagger.codegen.go.GoClientOptionsTest"/>
  <testcase name="checkOptionsHelp" time="0.005" classname="io.swagger.codegen.go.GoClientOptionsTest"/>
</testsuite> <!-- io.swagger.codegen.go.GoClientOptionsTest -->
