<?xml version="1.0" encoding="UTF-8"?>
<!-- Generated by org.testng.reporters.JUnitReportReporter -->
<testsuite hostname="Kasun" name="io.swagger.codegen.DefaultGeneratorTest" tests="4" failures="0" timestamp="20 Sep 2016 05:50:07 GMT" time="0.857" errors="0">
  <testcase name="testGenerateUniqueOperationIds" time="0.080" classname="io.swagger.codegen.DefaultGeneratorTest"/>
  <testcase name="testSkipOverwrite" time="0.633" classname="io.swagger.codegen.DefaultGeneratorTest"/>
  <testcase name="testSecurityWithGlobal" time="0.079" classname="io.swagger.codegen.DefaultGeneratorTest"/>
  <testcase name="testSecurityWithoutGlobal" time="0.065" classname="io.swagger.codegen.DefaultGeneratorTest"/>
</testsuite> <!-- io.swagger.codegen.DefaultGeneratorTest -->
