<?xml version="1.0" encoding="UTF-8"?>
<!-- Generated by org.testng.reporters.JUnitReportReporter -->
<testsuite hostname="Kasun" name="io.swagger.codegen.statichtml.StaticHtmlTagsTest" tests="1" failures="0" timestamp="26 Oct 2016 13:58:18 GMT" time="0.103" errors="0">
  <testcase name="testApiTags" time="0.103" classname="io.swagger.codegen.statichtml.StaticHtmlTagsTest"/>
</testsuite> <!-- io.swagger.codegen.statichtml.StaticHtmlTagsTest -->
