<?xml version="1.0" encoding="UTF-8"?>
<!-- Generated by org.testng.reporters.JUnitReportReporter -->
<testsuite hostname="Kasun" name="io.swagger.codegen.php.PhpClientOptionsTest" tests="2" failures="0" timestamp="30 Sep 2016 13:54:15 GMT" time="0.095" errors="0">
  <testcase name="checkOptionsHelp" time="0.005" classname="io.swagger.codegen.php.PhpClientOptionsTest"/>
  <testcase name="checkOptionsProcessing" time="0.090" classname="io.swagger.codegen.php.PhpClientOptionsTest"/>
</testsuite> <!-- io.swagger.codegen.php.PhpClientOptionsTest -->
