<?xml version="1.0" encoding="UTF-8"?>
<!-- Generated by org.testng.reporters.JUnitReportReporter -->
<testsuite hostname="Kasun" name="io.swagger.codegen.javascript.JavaScriptModelEnumTest" tests="4" failures="0" timestamp="26 Oct 2016 13:58:18 GMT" time="0.362" errors="0">
  <testcase name="enumArrayMdoelTest" time="0.255" classname="io.swagger.codegen.javascript.JavaScriptModelEnumTest"/>
  <testcase name="overrideEnumTest" time="0.005" classname="io.swagger.codegen.javascript.JavaScriptModelEnumTest"/>
  <testcase name="enumMdoelValueTest" time="0.099" classname="io.swagger.codegen.javascript.JavaScriptModelEnumTest"/>
  <testcase name="converterTest" time="0.003" classname="io.swagger.codegen.javascript.JavaScriptModelEnumTest"/>
</testsuite> <!-- io.swagger.codegen.javascript.JavaScriptModelEnumTest -->
