<?xml version="1.0" encoding="UTF-8"?>
<!-- Generated by org.testng.reporters.JUnitReportReporter -->
<testsuite hostname="Kasun" name="io.swagger.codegen.inflector.JavaInflectorServerOptionsTest" tests="2" failures="0" timestamp="26 Oct 2016 13:58:17 GMT" time="0.321" errors="0">
  <testcase name="checkOptionsHelp" time="0.015" classname="io.swagger.codegen.inflector.JavaInflectorServerOptionsTest"/>
  <testcase name="checkOptionsProcessing" time="0.306" classname="io.swagger.codegen.inflector.JavaInflectorServerOptionsTest"/>
</testsuite> <!-- io.swagger.codegen.inflector.JavaInflectorServerOptionsTest -->
