<?xml version="1.0" encoding="UTF-8"?>
<!-- Generated by org.testng.reporters.JUnitReportReporter -->
<testsuite hostname="Kasun" name="io.swagger.codegen.swaggeryaml.SwaggerYamlOptionsTest" tests="2" failures="0" timestamp="26 Oct 2016 13:58:18 GMT" time="0.224" errors="0">
  <testcase name="checkOptionsProcessing" time="0.217" classname="io.swagger.codegen.swaggeryaml.SwaggerYamlOptionsTest"/>
  <testcase name="checkOptionsHelp" time="0.007" classname="io.swagger.codegen.swaggeryaml.SwaggerYamlOptionsTest"/>
</testsuite> <!-- io.swagger.codegen.swaggeryaml.SwaggerYamlOptionsTest -->
