<?xml version="1.0" encoding="UTF-8"?>
<!-- Generated by org.testng.reporters.JUnitReportReporter -->
<testsuite hostname="Kasun" name="io.swagger.codegen.lumen.LumenServerOptionsTest" tests="2" failures="0" timestamp="30 Sep 2016 13:54:15 GMT" time="0.114" errors="0">
  <testcase name="checkOptionsProcessing" time="0.111" classname="io.swagger.codegen.lumen.LumenServerOptionsTest"/>
  <testcase name="checkOptionsHelp" time="0.003" classname="io.swagger.codegen.lumen.LumenServerOptionsTest"/>
</testsuite> <!-- io.swagger.codegen.lumen.LumenServerOptionsTest -->
