<?xml version="1.0" encoding="UTF-8"?>
<!-- Generated by org.testng.reporters.JUnitReportReporter -->
<testsuite hostname="Kasun" name="io.swagger.codegen.ExampleGeneratorTest" tests="1" failures="0" timestamp="26 Oct 2016 13:58:17 GMT" time="0.003" errors="0">
  <testcase name="recursiveModelsTest" time="0.003" classname="io.swagger.codegen.ExampleGeneratorTest"/>
</testsuite> <!-- io.swagger.codegen.ExampleGeneratorTest -->
