<?xml version="1.0" encoding="UTF-8"?>
<!-- Generated by org.testng.reporters.JUnitReportReporter -->
<testsuite hostname="Kasun" name="io.swagger.codegen.swift.SwiftCodegenTest" tests="10" failures="0" timestamp="20 Sep 2016 05:50:07 GMT" time="0.009" errors="0">
  <testcase name="testCapitalsWithDash" time="0.001" classname="io.swagger.codegen.swift.SwiftCodegenTest"/>
  <testcase name="testPodAuthors" time="0.000" classname="io.swagger.codegen.swift.SwiftCodegenTest"/>
  <testcase name="testDefaultPodAuthors" time="0.000" classname="io.swagger.codegen.swift.SwiftCodegenTest"/>
  <testcase name="testCapitalsWithUnderscore" time="0.000" classname="io.swagger.codegen.swift.SwiftCodegenTest"/>
  <testcase name="testSingleWordLowercase" time="0.000" classname="io.swagger.codegen.swift.SwiftCodegenTest"/>
  <testcase name="testLowercaseWithUnderscore" time="0.000" classname="io.swagger.codegen.swift.SwiftCodegenTest"/>
  <testcase name="testCapitalsWithSpace" time="0.000" classname="io.swagger.codegen.swift.SwiftCodegenTest"/>
  <testcase name="binaryDataTest" time="0.008" classname="io.swagger.codegen.swift.SwiftCodegenTest"/>
  <testcase name="shouldNotBreakCorrectName" time="0.000" classname="io.swagger.codegen.swift.SwiftCodegenTest"/>
  <testcase name="testSingleWordAllCaps" time="0.000" classname="io.swagger.codegen.swift.SwiftCodegenTest"/>
</testsuite> <!-- io.swagger.codegen.swift.SwiftCodegenTest -->
