<?xml version="1.0" encoding="UTF-8"?>
<!-- Generated by org.testng.reporters.JUnitReportReporter -->
<testsuite hostname="Kasun" name="io.swagger.codegen.typescript.typescriptnode.TypeScriptNodeClientOptionsTest" tests="2" failures="0" timestamp="20 Sep 2016 05:50:07 GMT" time="0.064" errors="0">
  <testcase name="checkOptionsProcessing" time="0.062" classname="io.swagger.codegen.typescript.typescriptnode.TypeScriptNodeClientOptionsTest"/>
  <testcase name="checkOptionsHelp" time="0.002" classname="io.swagger.codegen.typescript.typescriptnode.TypeScriptNodeClientOptionsTest"/>
</testsuite> <!-- io.swagger.codegen.typescript.typescriptnode.TypeScriptNodeClientOptionsTest -->
