<?xml version="1.0" encoding="UTF-8"?>
<!-- Generated by org.testng.reporters.JUnitReportReporter -->
<testsuite hostname="Kasun" name="io.swagger.codegen.CodegenTest" tests="12" failures="0" timestamp="26 Oct 2016 13:58:18 GMT" time="0.846" errors="0">
  <testcase name="fileUploadParamTest" time="0.051" classname="io.swagger.codegen.CodegenTest"/>
  <testcase name="localResetConsumesAndProducesTest" time="0.009" classname="io.swagger.codegen.CodegenTest"/>
  <testcase name="formParamTest" time="0.032" classname="io.swagger.codegen.CodegenTest"/>
  <testcase name="enumQueryParameterTest" time="0.045" classname="io.swagger.codegen.CodegenTest"/>
  <testcase name="responseSelectionTest2" time="0.010" classname="io.swagger.codegen.CodegenTest"/>
  <testcase name="responseSelectionTest1" time="0.026" classname="io.swagger.codegen.CodegenTest"/>
  <testcase name="enumArrayQueryParameterTest" time="0.116" classname="io.swagger.codegen.CodegenTest"/>
  <testcase name="requiredParametersTest" time="0.011" classname="io.swagger.codegen.CodegenTest"/>
  <testcase name="binaryDataTest" time="0.447" classname="io.swagger.codegen.CodegenTest"/>
  <testcase name="localConsumesAndProducesTest" time="0.010" classname="io.swagger.codegen.CodegenTest"/>
  <testcase name="discriminatorTest" time="0.034" classname="io.swagger.codegen.CodegenTest"/>
  <testcase name="globalConsumesAndProducesTest" time="0.055" classname="io.swagger.codegen.CodegenTest"/>
</testsuite> <!-- io.swagger.codegen.CodegenTest -->
