<?xml version="1.0" encoding="UTF-8"?>
<!-- Generated by org.testng.reporters.JUnitReportReporter -->
<testsuite hostname="Kasun" name="io.swagger.codegen.akkascala.AkkaScalaClientOptionsTest" tests="2" failures="0" timestamp="26 Oct 2016 13:58:18 GMT" time="0.649" errors="0">
  <testcase name="checkOptionsHelp" time="0.243" classname="io.swagger.codegen.akkascala.AkkaScalaClientOptionsTest"/>
  <testcase name="checkOptionsProcessing" time="0.406" classname="io.swagger.codegen.akkascala.AkkaScalaClientOptionsTest"/>
</testsuite> <!-- io.swagger.codegen.akkascala.AkkaScalaClientOptionsTest -->
