<?xml version="1.0" encoding="UTF-8"?>
<!-- Generated by org.testng.reporters.JUnitReportReporter -->
<testsuite hostname="Kasun" name="io.swagger.codegen.asyncscala.AsyncScalaClientOptionsTest" tests="2" failures="0" timestamp="20 Sep 2016 05:50:07 GMT" time="0.060" errors="0">
  <testcase name="checkOptionsProcessing" time="0.057" classname="io.swagger.codegen.asyncscala.AsyncScalaClientOptionsTest"/>
  <testcase name="checkOptionsHelp" time="0.003" classname="io.swagger.codegen.asyncscala.AsyncScalaClientOptionsTest"/>
</testsuite> <!-- io.swagger.codegen.asyncscala.AsyncScalaClientOptionsTest -->
