<?xml version="1.0" encoding="UTF-8"?>
<!-- Generated by org.testng.reporters.JUnitReportReporter -->
<testsuite hostname="Kasun" name="io.swagger.codegen.ignore.CodegenIgnoreProcessorTest" tests="25" failures="0" timestamp="20 Sep 2016 05:50:07 GMT" time="0.271" errors="0">
  <testcase name="evaluate" time="0.004" classname="io.swagger.codegen.ignore.CodegenIgnoreProcessorTest"/>
  <testcase name="evaluate" time="0.176" classname="io.swagger.codegen.ignore.CodegenIgnoreProcessorTest"/>
  <testcase name="evaluate" time="0.002" classname="io.swagger.codegen.ignore.CodegenIgnoreProcessorTest"/>
  <testcase name="evaluate" time="0.004" classname="io.swagger.codegen.ignore.CodegenIgnoreProcessorTest"/>
  <testcase name="evaluate" time="0.004" classname="io.swagger.codegen.ignore.CodegenIgnoreProcessorTest"/>
  <testcase name="evaluate" time="0.011" classname="io.swagger.codegen.ignore.CodegenIgnoreProcessorTest"/>
  <testcase name="evaluate" time="0.003" classname="io.swagger.codegen.ignore.CodegenIgnoreProcessorTest"/>
  <testcase name="evaluate" time="0.004" classname="io.swagger.codegen.ignore.CodegenIgnoreProcessorTest"/>
  <testcase name="evaluate" time="0.002" classname="io.swagger.codegen.ignore.CodegenIgnoreProcessorTest"/>
  <testcase name="evaluate" time="0.002" classname="io.swagger.codegen.ignore.CodegenIgnoreProcessorTest"/>
  <testcase name="evaluate" time="0.002" classname="io.swagger.codegen.ignore.CodegenIgnoreProcessorTest"/>
  <testcase name="evaluate" time="0.004" classname="io.swagger.codegen.ignore.CodegenIgnoreProcessorTest"/>
  <testcase name="evaluate" time="0.002" classname="io.swagger.codegen.ignore.CodegenIgnoreProcessorTest"/>
  <testcase name="evaluate" time="0.004" classname="io.swagger.codegen.ignore.CodegenIgnoreProcessorTest"/>
  <testcase name="evaluate" time="0.004" classname="io.swagger.codegen.ignore.CodegenIgnoreProcessorTest"/>
  <testcase name="evaluate" time="0.004" classname="io.swagger.codegen.ignore.CodegenIgnoreProcessorTest"/>
  <testcase name="evaluate" time="0.004" classname="io.swagger.codegen.ignore.CodegenIgnoreProcessorTest"/>
  <testcase name="evaluate" time="0.001" classname="io.swagger.codegen.ignore.CodegenIgnoreProcessorTest"/>
  <testcase name="evaluate" time="0.008" classname="io.swagger.codegen.ignore.CodegenIgnoreProcessorTest"/>
  <testcase name="evaluate" time="0.003" classname="io.swagger.codegen.ignore.CodegenIgnoreProcessorTest"/>
  <testcase name="evaluate" time="0.005" classname="io.swagger.codegen.ignore.CodegenIgnoreProcessorTest"/>
  <testcase name="evaluate" time="0.005" classname="io.swagger.codegen.ignore.CodegenIgnoreProcessorTest"/>
  <testcase name="evaluate" time="0.007" classname="io.swagger.codegen.ignore.CodegenIgnoreProcessorTest"/>
  <testcase name="evaluate" time="0.003" classname="io.swagger.codegen.ignore.CodegenIgnoreProcessorTest"/>
  <testcase name="evaluate" time="0.003" classname="io.swagger.codegen.ignore.CodegenIgnoreProcessorTest"/>
</testsuite> <!-- io.swagger.codegen.ignore.CodegenIgnoreProcessorTest -->
