<?xml version="1.0" encoding="UTF-8"?>
<!-- Generated by org.testng.reporters.JUnitReportReporter -->
<testsuite hostname="Kasun" name="io.swagger.codegen.spring.SpringOptionsTest" tests="2" failures="0" timestamp="26 Oct 2016 13:58:17 GMT" time="0.294" errors="0">
  <testcase name="checkOptionsHelp" time="0.013" classname="io.swagger.codegen.spring.SpringOptionsTest"/>
  <testcase name="checkOptionsProcessing" time="0.281" classname="io.swagger.codegen.spring.SpringOptionsTest"/>
</testsuite> <!-- io.swagger.codegen.spring.SpringOptionsTest -->
