<?xml version="1.0" encoding="UTF-8"?>
<!-- Generated by org.testng.reporters.JUnitReportReporter -->
<testsuite hostname="Kasun" name="io.swagger.codegen.java.AbstractJavaCodegenTest" tests="1" failures="0" timestamp="26 Oct 2016 13:58:17 GMT" time="0.001" errors="0">
  <testcase name="toEnumVarNameShouldNotShortenUnderScore" time="0.001" classname="io.swagger.codegen.java.AbstractJavaCodegenTest"/>
</testsuite> <!-- io.swagger.codegen.java.AbstractJavaCodegenTest -->
