<?xml version="1.0" encoding="UTF-8"?>
<!-- Generated by org.testng.reporters.JUnitReportReporter -->
<testsuite hostname="Kasun" name="io.swagger.codegen.haskellservant.HaskellServantOptionsTest" tests="2" failures="0" timestamp="26 Oct 2016 13:58:17 GMT" time="0.198" errors="0">
  <testcase name="checkOptionsHelp" time="0.013" classname="io.swagger.codegen.haskellservant.HaskellServantOptionsTest"/>
  <testcase name="checkOptionsProcessing" time="0.185" classname="io.swagger.codegen.haskellservant.HaskellServantOptionsTest"/>
</testsuite> <!-- io.swagger.codegen.haskellservant.HaskellServantOptionsTest -->
