<?xml version="1.0" encoding="UTF-8"?>
<!-- Generated by org.testng.reporters.JUnitReportReporter -->
<testsuite hostname="Kasun" name="io.swagger.codegen.config.CodegenConfiguratorTest" tests="18" failures="0" timestamp="20 Sep 2016 05:50:07 GMT" time="0.344" errors="0">
  <testcase name="testInvokerPackage" time="0.001" classname="io.swagger.codegen.config.CodegenConfiguratorTest"/>
  <testcase name="testArtifactId" time="0.001" classname="io.swagger.codegen.config.CodegenConfiguratorTest"/>
  <testcase name="testLibrary" time="0.001" classname="io.swagger.codegen.config.CodegenConfiguratorTest"/>
  <testcase name="testVerbose" time="0.023" classname="io.swagger.codegen.config.CodegenConfiguratorTest"/>
  <testcase name="testArtifactVersion" time="0.001" classname="io.swagger.codegen.config.CodegenConfiguratorTest"/>
  <testcase name="testAdditionalProperties" time="0.252" classname="io.swagger.codegen.config.CodegenConfiguratorTest"/>
  <testcase name="testLanguageSpecificPrimitives" time="0.001" classname="io.swagger.codegen.config.CodegenConfiguratorTest"/>
  <testcase name="testTypeMappings" time="0.003" classname="io.swagger.codegen.config.CodegenConfiguratorTest"/>
  <testcase name="testSkipOverwrite" time="0.002" classname="io.swagger.codegen.config.CodegenConfiguratorTest"/>
  <testcase name="testFromFile" time="0.011" classname="io.swagger.codegen.config.CodegenConfiguratorTest"/>
  <testcase name="testApiPackage" time="0.001" classname="io.swagger.codegen.config.CodegenConfiguratorTest"/>
  <testcase name="testModelPackage" time="0.002" classname="io.swagger.codegen.config.CodegenConfiguratorTest"/>
  <testcase name="testInstantiationTypes" time="0.002" classname="io.swagger.codegen.config.CodegenConfiguratorTest"/>
  <testcase name="testDynamicProperties" time="0.001" classname="io.swagger.codegen.config.CodegenConfiguratorTest"/>
  <testcase name="testTemplateDir" time="0.004" classname="io.swagger.codegen.config.CodegenConfiguratorTest"/>
  <testcase name="testGroupId" time="0.002" classname="io.swagger.codegen.config.CodegenConfiguratorTest"/>
  <testcase name="testSystemProperties" time="0.035" classname="io.swagger.codegen.config.CodegenConfiguratorTest"/>
  <testcase name="testImportMappings" time="0.001" classname="io.swagger.codegen.config.CodegenConfiguratorTest"/>
</testsuite> <!-- io.swagger.codegen.config.CodegenConfiguratorTest -->
