<?xml version="1.0" encoding="UTF-8"?>
<!-- Generated by org.testng.reporters.JUnitReportReporter -->
<testsuite hostname="Kasun" name="io.swagger.codegen.ignore.rules.IgnoreLineParserTest" tests="10" failures="0" timestamp="26 Oct 2016 13:58:18 GMT" time="0.003" errors="0">
  <testcase name="parseComment" time="0.001" classname="io.swagger.codegen.ignore.rules.IgnoreLineParserTest"/>
  <testcase name="parseTripleStarPattern" time="0.000" classname="io.swagger.codegen.ignore.rules.IgnoreLineParserTest"/>
  <testcase name="parseRooted" time="0.000" classname="io.swagger.codegen.ignore.rules.IgnoreLineParserTest"/>
  <testcase name="parseDirectoryMarker" time="0.001" classname="io.swagger.codegen.ignore.rules.IgnoreLineParserTest"/>
  <testcase name="parseComplex" time="0.001" classname="io.swagger.codegen.ignore.rules.IgnoreLineParserTest"/>
  <testcase name="parseEscapedSpace" time="0.000" classname="io.swagger.codegen.ignore.rules.IgnoreLineParserTest"/>
  <testcase name="parseMatchAll" time="0.000" classname="io.swagger.codegen.ignore.rules.IgnoreLineParserTest"/>
  <testcase name="parseNegate" time="0.000" classname="io.swagger.codegen.ignore.rules.IgnoreLineParserTest"/>
  <testcase name="parseEscapedExclamation" time="0.000" classname="io.swagger.codegen.ignore.rules.IgnoreLineParserTest"/>
  <testcase name="parseMatchAny" time="0.000" classname="io.swagger.codegen.ignore.rules.IgnoreLineParserTest"/>
</testsuite> <!-- io.swagger.codegen.ignore.rules.IgnoreLineParserTest -->
