<?xml version="1.0" encoding="UTF-8"?>
<!-- Generated by org.testng.reporters.JUnitReportReporter -->
<testsuite hostname="Kasun" name="io.swagger.codegen.scalatra.ScalatraServerOptionsTest" tests="2" failures="0" timestamp="26 Oct 2016 13:58:18 GMT" time="0.309" errors="0">
  <testcase name="checkOptionsHelp" time="0.010" classname="io.swagger.codegen.scalatra.ScalatraServerOptionsTest"/>
  <testcase name="checkOptionsProcessing" time="0.299" classname="io.swagger.codegen.scalatra.ScalatraServerOptionsTest"/>
</testsuite> <!-- io.swagger.codegen.scalatra.ScalatraServerOptionsTest -->
