<?xml version="1.0" encoding="UTF-8"?>
<!-- Generated by org.testng.reporters.JUnitReportReporter -->
<testsuite hostname="Kasun" name="io.swagger.codegen.ClientAuthInputTest" tests="1" failures="0" timestamp="26 Oct 2016 13:58:17 GMT" time="0.009" errors="0">
  <testcase name="clientAuthInputTest" time="0.009" classname="io.swagger.codegen.ClientAuthInputTest"/>
</testsuite> <!-- io.swagger.codegen.ClientAuthInputTest -->
