<?xml version="1.0" encoding="UTF-8"?>
<!-- Generated by org.testng.reporters.JUnitReportReporter -->
<testsuite hostname="Kasun" name="io.swagger.codegen.swift.SwiftOptionsTest" tests="2" failures="0" timestamp="30 Sep 2016 13:54:15 GMT" time="0.088" errors="0">
  <testcase name="checkOptionsProcessing" time="0.085" classname="io.swagger.codegen.swift.SwiftOptionsTest"/>
  <testcase name="checkOptionsHelp" time="0.003" classname="io.swagger.codegen.swift.SwiftOptionsTest"/>
</testsuite> <!-- io.swagger.codegen.swift.SwiftOptionsTest -->
