<?xml version="1.0" encoding="UTF-8"?>
<!-- Generated by org.testng.reporters.JUnitReportReporter -->
<testsuite hostname="Kasun" name="io.swagger.codegen.DefaultGeneratorTest" tests="4" failures="0" timestamp="30 Sep 2016 13:54:15 GMT" time="0.800" errors="0">
  <testcase name="testGenerateUniqueOperationIds" time="0.077" classname="io.swagger.codegen.DefaultGeneratorTest"/>
  <testcase name="testSkipOverwrite" time="0.601" classname="io.swagger.codegen.DefaultGeneratorTest"/>
  <testcase name="testSecurityWithGlobal" time="0.066" classname="io.swagger.codegen.DefaultGeneratorTest"/>
  <testcase name="testSecurityWithoutGlobal" time="0.056" classname="io.swagger.codegen.DefaultGeneratorTest"/>
</testsuite> <!-- io.swagger.codegen.DefaultGeneratorTest -->
