<?xml version="1.0" encoding="UTF-8"?>
<!-- Generated by org.testng.reporters.JUnitReportReporter -->
<testsuite hostname="Kasun" name="io.swagger.codegen.swagger.SwaggerOptionsTest" tests="2" failures="0" timestamp="20 Sep 2016 05:50:07 GMT" time="0.083" errors="0">
  <testcase name="checkOptionsHelp" time="0.004" classname="io.swagger.codegen.swagger.SwaggerOptionsTest"/>
  <testcase name="checkOptionsProcessing" time="0.079" classname="io.swagger.codegen.swagger.SwaggerOptionsTest"/>
</testsuite> <!-- io.swagger.codegen.swagger.SwaggerOptionsTest -->
