<?xml version="1.0" encoding="UTF-8"?>
<!-- Generated by org.testng.reporters.JUnitReportReporter -->
<testsuite hostname="Kasun" name="io.swagger.codegen.csharpdotnettwo.CsharpDotNet2ClientOptionsTest" tests="2" failures="0" timestamp="30 Sep 2016 13:54:15 GMT" time="0.067" errors="0">
  <testcase name="checkOptionsProcessing" time="0.062" classname="io.swagger.codegen.csharpdotnettwo.CsharpDotNet2ClientOptionsTest"/>
  <testcase name="checkOptionsHelp" time="0.005" classname="io.swagger.codegen.csharpdotnettwo.CsharpDotNet2ClientOptionsTest"/>
</testsuite> <!-- io.swagger.codegen.csharpdotnettwo.CsharpDotNet2ClientOptionsTest -->
