<?xml version="1.0" encoding="UTF-8"?>
<!-- Generated by org.testng.reporters.JUnitReportReporter -->
<testsuite hostname="Kasun" name="io.swagger.codegen.perl.PerlClientOptionsTest" tests="2" failures="0" timestamp="26 Oct 2016 13:58:17 GMT" time="0.235" errors="0">
  <testcase name="checkOptionsHelp" time="0.009" classname="io.swagger.codegen.perl.PerlClientOptionsTest"/>
  <testcase name="checkOptionsProcessing" time="0.226" classname="io.swagger.codegen.perl.PerlClientOptionsTest"/>
</testsuite> <!-- io.swagger.codegen.perl.PerlClientOptionsTest -->
