<?xml version="1.0" encoding="UTF-8"?>
<!-- Generated by org.testng.reporters.JUnitReportReporter -->
<testsuite hostname="Kasun" name="io.swagger.codegen.perl.PerlClientOptionsTest" tests="2" failures="0" timestamp="30 Sep 2016 13:54:15 GMT" time="0.095" errors="0">
  <testcase name="checkOptionsHelp" time="0.006" classname="io.swagger.codegen.perl.PerlClientOptionsTest"/>
  <testcase name="checkOptionsProcessing" time="0.089" classname="io.swagger.codegen.perl.PerlClientOptionsTest"/>
</testsuite> <!-- io.swagger.codegen.perl.PerlClientOptionsTest -->
