<?xml version="1.0" encoding="UTF-8"?>
<!-- Generated by org.testng.reporters.JUnitReportReporter -->
<testsuite hostname="Kasun" name="io.swagger.codegen.typescript.typescriptangular2.TypeScriptAngular2ModelTest" tests="6" failures="0" timestamp="20 Sep 2016 05:50:07 GMT" time="0.011" errors="0">
  <testcase name="arrayModelTest" time="0.005" classname="io.swagger.codegen.typescript.typescriptangular2.TypeScriptAngular2ModelTest"/>
  <testcase name="complexListPropertyTest" time="0.001" classname="io.swagger.codegen.typescript.typescriptangular2.TypeScriptAngular2ModelTest"/>
  <testcase name="complexPropertyTest" time="0.001" classname="io.swagger.codegen.typescript.typescriptangular2.TypeScriptAngular2ModelTest"/>
  <testcase name="simpleModelTest" time="0.001" classname="io.swagger.codegen.typescript.typescriptangular2.TypeScriptAngular2ModelTest"/>
  <testcase name="mapModelTest" time="0.001" classname="io.swagger.codegen.typescript.typescriptangular2.TypeScriptAngular2ModelTest"/>
  <testcase name="listPropertyTest" time="0.002" classname="io.swagger.codegen.typescript.typescriptangular2.TypeScriptAngular2ModelTest"/>
</testsuite> <!-- io.swagger.codegen.typescript.typescriptangular2.TypeScriptAngular2ModelTest -->
