<?xml version="1.0" encoding="UTF-8"?>
<!-- Generated by org.testng.reporters.JUnitReportReporter -->
<testsuite hostname="Kasun" name="io.swagger.codegen.typescript.typescriptnode.TypeScriptNodeModelTest" tests="6" failures="0" timestamp="20 Sep 2016 05:50:07 GMT" time="0.250" errors="0">
  <testcase name="simpleModelTest" time="0.003" classname="io.swagger.codegen.typescript.typescriptnode.TypeScriptNodeModelTest"/>
  <testcase name="mapModelTest" time="0.015" classname="io.swagger.codegen.typescript.typescriptnode.TypeScriptNodeModelTest"/>
  <testcase name="complexListPropertyTest" time="0.013" classname="io.swagger.codegen.typescript.typescriptnode.TypeScriptNodeModelTest"/>
  <testcase name="arrayModelTest" time="0.204" classname="io.swagger.codegen.typescript.typescriptnode.TypeScriptNodeModelTest"/>
  <testcase name="listPropertyTest" time="0.013" classname="io.swagger.codegen.typescript.typescriptnode.TypeScriptNodeModelTest"/>
  <testcase name="complexPropertyTest" time="0.002" classname="io.swagger.codegen.typescript.typescriptnode.TypeScriptNodeModelTest"/>
</testsuite> <!-- io.swagger.codegen.typescript.typescriptnode.TypeScriptNodeModelTest -->
