<?xml version="1.0" encoding="UTF-8"?>
<!-- Generated by org.testng.reporters.JUnitReportReporter -->
<testsuite hostname="Kasun" name="io.swagger.codegen.typescript.fetch.TypeScriptFetchClientOptionsTest" tests="2" failures="0" timestamp="26 Oct 2016 13:58:17 GMT" time="0.245" errors="0">
  <testcase name="checkOptionsProcessing" time="0.235" classname="io.swagger.codegen.typescript.fetch.TypeScriptFetchClientOptionsTest"/>
  <testcase name="checkOptionsHelp" time="0.010" classname="io.swagger.codegen.typescript.fetch.TypeScriptFetchClientOptionsTest"/>
</testsuite> <!-- io.swagger.codegen.typescript.fetch.TypeScriptFetchClientOptionsTest -->
