<?xml version="1.0" encoding="UTF-8"?>
<!-- Generated by org.testng.reporters.JUnitReportReporter -->
<testsuite hostname="Kasun" name="io.swagger.codegen.languages.ClojureClientCodegenTest" tests="3" failures="0" timestamp="20 Sep 2016 05:50:07 GMT" time="0.001" errors="0">
  <testcase name="testSanitizeTag" time="0.000" classname="io.swagger.codegen.languages.ClojureClientCodegenTest"/>
  <testcase name="testToApiName" time="0.000" classname="io.swagger.codegen.languages.ClojureClientCodegenTest"/>
  <testcase name="testToApiFilename" time="0.001" classname="io.swagger.codegen.languages.ClojureClientCodegenTest"/>
</testsuite> <!-- io.swagger.codegen.languages.ClojureClientCodegenTest -->
