<?xml version="1.0" encoding="UTF-8"?>
<!-- Generated by org.testng.reporters.JUnitReportReporter -->
<testsuite hostname="Kasun" name="io.swagger.codegen.typescript.typescriptangular2.TypeScriptAngular2ClientOptionsTest" tests="2" failures="0" timestamp="30 Sep 2016 13:54:15 GMT" time="0.102" errors="0">
  <testcase name="checkOptionsHelp" time="0.028" classname="io.swagger.codegen.typescript.typescriptangular2.TypeScriptAngular2ClientOptionsTest"/>
  <testcase name="checkOptionsProcessing" time="0.074" classname="io.swagger.codegen.typescript.typescriptangular2.TypeScriptAngular2ClientOptionsTest"/>
</testsuite> <!-- io.swagger.codegen.typescript.typescriptangular2.TypeScriptAngular2ClientOptionsTest -->
