<?xml version="1.0" encoding="UTF-8"?>
<!-- Generated by org.testng.reporters.JUnitReportReporter -->
<testsuite hostname="Kasun" name="io.swagger.codegen.typescript.typescriptangular2.TypeScriptAngular2ClientOptionsTest" tests="2" failures="0" timestamp="26 Oct 2016 13:58:18 GMT" time="0.173" errors="0">
  <testcase name="checkOptionsHelp" time="0.060" classname="io.swagger.codegen.typescript.typescriptangular2.TypeScriptAngular2ClientOptionsTest"/>
  <testcase name="checkOptionsProcessing" time="0.113" classname="io.swagger.codegen.typescript.typescriptangular2.TypeScriptAngular2ClientOptionsTest"/>
</testsuite> <!-- io.swagger.codegen.typescript.typescriptangular2.TypeScriptAngular2ClientOptionsTest -->
