<?xml version="1.0" encoding="UTF-8"?>
<!-- Generated by org.testng.reporters.JUnitReportReporter -->
<testsuite hostname="Kasun" name="io.swagger.codegen.ignore.rules.FileRuleTest" tests="2" failures="0" timestamp="26 Oct 2016 13:58:18 GMT" time="0.002" errors="0">
  <testcase name="testNonMatchComplex" time="0.001" classname="io.swagger.codegen.ignore.rules.FileRuleTest"/>
  <testcase name="testMatchComplex" time="0.001" classname="io.swagger.codegen.ignore.rules.FileRuleTest"/>
</testsuite> <!-- io.swagger.codegen.ignore.rules.FileRuleTest -->
