<?xml version="1.0" encoding="UTF-8"?>
<!-- Generated by org.testng.reporters.JUnitReportReporter -->
<testsuite hostname="Kasun" name="io.swagger.codegen.typescript.typescriptnode.TypeScriptNodeModelTest" tests="6" failures="0" timestamp="30 Sep 2016 13:54:15 GMT" time="0.321" errors="0">
  <testcase name="simpleModelTest" time="0.004" classname="io.swagger.codegen.typescript.typescriptnode.TypeScriptNodeModelTest"/>
  <testcase name="mapModelTest" time="0.026" classname="io.swagger.codegen.typescript.typescriptnode.TypeScriptNodeModelTest"/>
  <testcase name="complexListPropertyTest" time="0.017" classname="io.swagger.codegen.typescript.typescriptnode.TypeScriptNodeModelTest"/>
  <testcase name="arrayModelTest" time="0.254" classname="io.swagger.codegen.typescript.typescriptnode.TypeScriptNodeModelTest"/>
  <testcase name="listPropertyTest" time="0.016" classname="io.swagger.codegen.typescript.typescriptnode.TypeScriptNodeModelTest"/>
  <testcase name="complexPropertyTest" time="0.004" classname="io.swagger.codegen.typescript.typescriptnode.TypeScriptNodeModelTest"/>
</testsuite> <!-- io.swagger.codegen.typescript.typescriptnode.TypeScriptNodeModelTest -->
