<?xml version="1.0" encoding="UTF-8"?>
<!-- Generated by org.testng.reporters.JUnitReportReporter -->
<testsuite hostname="Kasun" name="io.swagger.codegen.objc.ObjcClientOptionsTest" tests="2" failures="0" timestamp="26 Oct 2016 13:58:17 GMT" time="0.230" errors="0">
  <testcase name="checkOptionsHelp" time="0.012" classname="io.swagger.codegen.objc.ObjcClientOptionsTest"/>
  <testcase name="checkOptionsProcessing" time="0.218" classname="io.swagger.codegen.objc.ObjcClientOptionsTest"/>
</testsuite> <!-- io.swagger.codegen.objc.ObjcClientOptionsTest -->
