<?xml version="1.0" encoding="UTF-8"?>
<!-- Generated by org.testng.reporters.JUnitReportReporter -->
<testsuite hostname="Kasun" name="io.swagger.codegen.csharpdotnettwo.CsharpDotNet2ClientOptionsTest" tests="2" failures="0" timestamp="26 Oct 2016 13:58:17 GMT" time="0.183" errors="0">
  <testcase name="checkOptionsProcessing" time="0.170" classname="io.swagger.codegen.csharpdotnettwo.CsharpDotNet2ClientOptionsTest"/>
  <testcase name="checkOptionsHelp" time="0.013" classname="io.swagger.codegen.csharpdotnettwo.CsharpDotNet2ClientOptionsTest"/>
</testsuite> <!-- io.swagger.codegen.csharpdotnettwo.CsharpDotNet2ClientOptionsTest -->
