<?xml version="1.0" encoding="UTF-8"?>
<!-- Generated by org.testng.reporters.JUnitReportReporter -->
<testsuite hostname="Kasun" name="io.swagger.codegen.CodegenConfigLoaderTest" tests="108" failures="0" timestamp="20 Sep 2016 05:50:07 GMT" time="0.277" errors="0">
  <testcase name="testLoadByName" time="0.001" classname="io.swagger.codegen.CodegenConfigLoaderTest"/>
  <testcase name="testLoadByName" time="0.002" classname="io.swagger.codegen.CodegenConfigLoaderTest"/>
  <testcase name="testLoadByFullQualifiedName" time="0.003" classname="io.swagger.codegen.CodegenConfigLoaderTest"/>
  <testcase name="testLoadByName" time="0.001" classname="io.swagger.codegen.CodegenConfigLoaderTest"/>
  <testcase name="testLoadByFullQualifiedName" time="0.003" classname="io.swagger.codegen.CodegenConfigLoaderTest"/>
  <testcase name="testLoadByName" time="0.002" classname="io.swagger.codegen.CodegenConfigLoaderTest"/>
  <testcase name="testLoadByName" time="0.002" classname="io.swagger.codegen.CodegenConfigLoaderTest"/>
  <testcase name="testLoadByFullQualifiedName" time="0.004" classname="io.swagger.codegen.CodegenConfigLoaderTest"/>
  <testcase name="testLoadByFullQualifiedName" time="0.003" classname="io.swagger.codegen.CodegenConfigLoaderTest"/>
  <testcase name="testLoadByFullQualifiedName" time="0.002" classname="io.swagger.codegen.CodegenConfigLoaderTest"/>
  <testcase name="testLoadByName" time="0.001" classname="io.swagger.codegen.CodegenConfigLoaderTest"/>
  <testcase name="testLoadByName" time="0.001" classname="io.swagger.codegen.CodegenConfigLoaderTest"/>
  <testcase name="testLoadByFullQualifiedName" time="0.003" classname="io.swagger.codegen.CodegenConfigLoaderTest"/>
  <testcase name="testLoadByFullQualifiedName" time="0.003" classname="io.swagger.codegen.CodegenConfigLoaderTest"/>
  <testcase name="testLoadByFullQualifiedName" time="0.003" classname="io.swagger.codegen.CodegenConfigLoaderTest"/>
  <testcase name="testLoadByName" time="0.001" classname="io.swagger.codegen.CodegenConfigLoaderTest"/>
  <testcase name="testLoadByFullQualifiedName" time="0.008" classname="io.swagger.codegen.CodegenConfigLoaderTest"/>
  <testcase name="testLoadByFullQualifiedName" time="0.003" classname="io.swagger.codegen.CodegenConfigLoaderTest"/>
  <testcase name="testLoadByName" time="0.002" classname="io.swagger.codegen.CodegenConfigLoaderTest"/>
  <testcase name="testLoadByFullQualifiedName" time="0.004" classname="io.swagger.codegen.CodegenConfigLoaderTest"/>
  <testcase name="testLoadByName" time="0.003" classname="io.swagger.codegen.CodegenConfigLoaderTest"/>
  <testcase name="testLoadByName" time="0.003" classname="io.swagger.codegen.CodegenConfigLoaderTest"/>
  <testcase name="testLoadByFullQualifiedName" time="0.003" classname="io.swagger.codegen.CodegenConfigLoaderTest"/>
  <testcase name="testLoadByFullQualifiedName" time="0.002" classname="io.swagger.codegen.CodegenConfigLoaderTest"/>
  <testcase name="testLoadByName" time="0.002" classname="io.swagger.codegen.CodegenConfigLoaderTest"/>
  <testcase name="testLoadByFullQualifiedName" time="0.002" classname="io.swagger.codegen.CodegenConfigLoaderTest"/>
  <testcase name="testLoadByFullQualifiedName" time="0.002" classname="io.swagger.codegen.CodegenConfigLoaderTest"/>
  <testcase name="testLoadByName" time="0.003" classname="io.swagger.codegen.CodegenConfigLoaderTest"/>
  <testcase name="testLoadByName" time="0.002" classname="io.swagger.codegen.CodegenConfigLoaderTest"/>
  <testcase name="testLoadByName" time="0.001" classname="io.swagger.codegen.CodegenConfigLoaderTest"/>
  <testcase name="testLoadByName" time="0.001" classname="io.swagger.codegen.CodegenConfigLoaderTest"/>
  <testcase name="testLoadByFullQualifiedName" time="0.002" classname="io.swagger.codegen.CodegenConfigLoaderTest"/>
  <testcase name="testLoadByName" time="0.002" classname="io.swagger.codegen.CodegenConfigLoaderTest"/>
  <testcase name="testLoadByFullQualifiedName" time="0.003" classname="io.swagger.codegen.CodegenConfigLoaderTest"/>
  <testcase name="testLoadByName" time="0.001" classname="io.swagger.codegen.CodegenConfigLoaderTest"/>
  <testcase name="testLoadByName" time="0.001" classname="io.swagger.codegen.CodegenConfigLoaderTest"/>
  <testcase name="testLoadByName" time="0.001" classname="io.swagger.codegen.CodegenConfigLoaderTest"/>
  <testcase name="testLoadByFullQualifiedName" time="0.002" classname="io.swagger.codegen.CodegenConfigLoaderTest"/>
  <testcase name="testLoadByName" time="0.001" classname="io.swagger.codegen.CodegenConfigLoaderTest"/>
  <testcase name="testLoadByName" time="0.002" classname="io.swagger.codegen.CodegenConfigLoaderTest"/>
  <testcase name="testLoadByFullQualifiedName" time="0.004" classname="io.swagger.codegen.CodegenConfigLoaderTest"/>
  <testcase name="testLoadByFullQualifiedName" time="0.003" classname="io.swagger.codegen.CodegenConfigLoaderTest"/>
  <testcase name="testLoadByName" time="0.003" classname="io.swagger.codegen.CodegenConfigLoaderTest"/>
  <testcase name="testLoadByFullQualifiedName" time="0.004" classname="io.swagger.codegen.CodegenConfigLoaderTest"/>
  <testcase name="testLoadByFullQualifiedName" time="0.003" classname="io.swagger.codegen.CodegenConfigLoaderTest"/>
  <testcase name="testLoadByFullQualifiedName" time="0.003" classname="io.swagger.codegen.CodegenConfigLoaderTest"/>
  <testcase name="testLoadByFullQualifiedName" time="0.003" classname="io.swagger.codegen.CodegenConfigLoaderTest"/>
  <testcase name="testLoadByName" time="0.001" classname="io.swagger.codegen.CodegenConfigLoaderTest"/>
  <testcase name="testLoadByName" time="0.000" classname="io.swagger.codegen.CodegenConfigLoaderTest"/>
  <testcase name="testLoadByFullQualifiedName" time="0.003" classname="io.swagger.codegen.CodegenConfigLoaderTest"/>
  <testcase name="testLoadByFullQualifiedName" time="0.003" classname="io.swagger.codegen.CodegenConfigLoaderTest"/>
  <testcase name="testLoadByFullQualifiedName" time="0.003" classname="io.swagger.codegen.CodegenConfigLoaderTest"/>
  <testcase name="testLoadByName" time="0.002" classname="io.swagger.codegen.CodegenConfigLoaderTest"/>
  <testcase name="testLoadByFullQualifiedName" time="0.002" classname="io.swagger.codegen.CodegenConfigLoaderTest"/>
  <testcase name="testLoadByFullQualifiedName" time="0.003" classname="io.swagger.codegen.CodegenConfigLoaderTest"/>
  <testcase name="testLoadByFullQualifiedName" time="0.004" classname="io.swagger.codegen.CodegenConfigLoaderTest"/>
  <testcase name="testLoadByName" time="0.002" classname="io.swagger.codegen.CodegenConfigLoaderTest"/>
  <testcase name="testLoadByName" time="0.001" classname="io.swagger.codegen.CodegenConfigLoaderTest"/>
  <testcase name="testLoadByName" time="0.001" classname="io.swagger.codegen.CodegenConfigLoaderTest"/>
  <testcase name="testLoadByName" time="0.003" classname="io.swagger.codegen.CodegenConfigLoaderTest"/>
  <testcase name="testLoadByName" time="0.003" classname="io.swagger.codegen.CodegenConfigLoaderTest"/>
  <testcase name="testLoadByName" time="0.002" classname="io.swagger.codegen.CodegenConfigLoaderTest"/>
  <testcase name="testLoadByName" time="0.003" classname="io.swagger.codegen.CodegenConfigLoaderTest"/>
  <testcase name="testLoadByFullQualifiedName" time="0.008" classname="io.swagger.codegen.CodegenConfigLoaderTest"/>
  <testcase name="testLoadByFullQualifiedName" time="0.003" classname="io.swagger.codegen.CodegenConfigLoaderTest"/>
  <testcase name="testLoadByFullQualifiedName" time="0.003" classname="io.swagger.codegen.CodegenConfigLoaderTest"/>
  <testcase name="testLoadByFullQualifiedName" time="0.003" classname="io.swagger.codegen.CodegenConfigLoaderTest"/>
  <testcase name="testLoadByFullQualifiedName" time="0.006" classname="io.swagger.codegen.CodegenConfigLoaderTest"/>
  <testcase name="testLoadByFullQualifiedName" time="0.003" classname="io.swagger.codegen.CodegenConfigLoaderTest"/>
  <testcase name="testLoadByFullQualifiedName" time="0.003" classname="io.swagger.codegen.CodegenConfigLoaderTest"/>
  <testcase name="testLoadByFullQualifiedName" time="0.002" classname="io.swagger.codegen.CodegenConfigLoaderTest"/>
  <testcase name="testLoadByName" time="0.003" classname="io.swagger.codegen.CodegenConfigLoaderTest"/>
  <testcase name="testLoadByFullQualifiedName" time="0.003" classname="io.swagger.codegen.CodegenConfigLoaderTest"/>
  <testcase name="testLoadByName" time="0.002" classname="io.swagger.codegen.CodegenConfigLoaderTest"/>
  <testcase name="testLoadByFullQualifiedName" time="0.004" classname="io.swagger.codegen.CodegenConfigLoaderTest"/>
  <testcase name="testLoadByFullQualifiedName" time="0.010" classname="io.swagger.codegen.CodegenConfigLoaderTest"/>
  <testcase name="testLoadByName" time="0.001" classname="io.swagger.codegen.CodegenConfigLoaderTest"/>
  <testcase name="testLoadByName" time="0.001" classname="io.swagger.codegen.CodegenConfigLoaderTest"/>
  <testcase name="testLoadByName" time="0.000" classname="io.swagger.codegen.CodegenConfigLoaderTest"/>
  <testcase name="testLoadByName" time="0.001" classname="io.swagger.codegen.CodegenConfigLoaderTest"/>
  <testcase name="testLoadByFullQualifiedName" time="0.003" classname="io.swagger.codegen.CodegenConfigLoaderTest"/>
  <testcase name="testLoadByFullQualifiedName" time="0.003" classname="io.swagger.codegen.CodegenConfigLoaderTest"/>
  <testcase name="testLoadByFullQualifiedName" time="0.004" classname="io.swagger.codegen.CodegenConfigLoaderTest"/>
  <testcase name="testLoadByName" time="0.003" classname="io.swagger.codegen.CodegenConfigLoaderTest"/>
  <testcase name="testLoadByName" time="0.000" classname="io.swagger.codegen.CodegenConfigLoaderTest"/>
  <testcase name="testLoadByName" time="0.001" classname="io.swagger.codegen.CodegenConfigLoaderTest"/>
  <testcase name="testLoadByFullQualifiedName" time="0.002" classname="io.swagger.codegen.CodegenConfigLoaderTest"/>
  <testcase name="testLoadByName" time="0.000" classname="io.swagger.codegen.CodegenConfigLoaderTest"/>
  <testcase name="testLoadByName" time="0.002" classname="io.swagger.codegen.CodegenConfigLoaderTest"/>
  <testcase name="testLoadByFullQualifiedName" time="0.003" classname="io.swagger.codegen.CodegenConfigLoaderTest"/>
  <testcase name="testLoadByName" time="0.001" classname="io.swagger.codegen.CodegenConfigLoaderTest"/>
  <testcase name="testLoadByName" time="0.002" classname="io.swagger.codegen.CodegenConfigLoaderTest"/>
  <testcase name="testLoadByFullQualifiedName" time="0.003" classname="io.swagger.codegen.CodegenConfigLoaderTest"/>
  <testcase name="testLoadByName" time="0.002" classname="io.swagger.codegen.CodegenConfigLoaderTest"/>
  <testcase name="testLoadByName" time="0.001" classname="io.swagger.codegen.CodegenConfigLoaderTest"/>
  <testcase name="testLoadByFullQualifiedName" time="0.003" classname="io.swagger.codegen.CodegenConfigLoaderTest"/>
  <testcase name="testLoadByName" time="0.002" classname="io.swagger.codegen.CodegenConfigLoaderTest"/>
  <testcase name="testLoadByFullQualifiedName" time="0.003" classname="io.swagger.codegen.CodegenConfigLoaderTest"/>
  <testcase name="testLoadByName" time="0.002" classname="io.swagger.codegen.CodegenConfigLoaderTest"/>
  <testcase name="testLoadByFullQualifiedName" time="0.003" classname="io.swagger.codegen.CodegenConfigLoaderTest"/>
  <testcase name="testLoadByName" time="0.002" classname="io.swagger.codegen.CodegenConfigLoaderTest"/>
  <testcase name="testLoadByName" time="0.002" classname="io.swagger.codegen.CodegenConfigLoaderTest"/>
  <testcase name="testLoadByFullQualifiedName" time="0.003" classname="io.swagger.codegen.CodegenConfigLoaderTest"/>
  <testcase name="testLoadByFullQualifiedName" time="0.004" classname="io.swagger.codegen.CodegenConfigLoaderTest"/>
  <testcase name="testLoadByFullQualifiedName" time="0.003" classname="io.swagger.codegen.CodegenConfigLoaderTest"/>
  <testcase name="testLoadByName" time="0.008" classname="io.swagger.codegen.CodegenConfigLoaderTest"/>
  <testcase name="testLoadByFullQualifiedName" time="0.003" classname="io.swagger.codegen.CodegenConfigLoaderTest"/>
  <testcase name="testLoadByName" time="0.003" classname="io.swagger.codegen.CodegenConfigLoaderTest"/>
</testsuite> <!-- io.swagger.codegen.CodegenConfigLoaderTest -->
