<?xml version="1.0" encoding="UTF-8"?>
<!-- Generated by org.testng.reporters.JUnitReportReporter -->
<testsuite hostname="Kasun" name="io.swagger.codegen.python.PythonTest" tests="7" failures="0" timestamp="26 Oct 2016 13:58:18 GMT" time="0.482" errors="0">
  <testcase name="simpleModelTest" time="0.003" classname="io.swagger.codegen.python.PythonTest"/>
  <testcase name="mapPropertyTest" time="0.002" classname="io.swagger.codegen.python.PythonTest"/>
  <testcase name="complexPropertyTest" time="0.002" classname="io.swagger.codegen.python.PythonTest"/>
  <testcase name="listPropertyTest" time="0.003" classname="io.swagger.codegen.python.PythonTest"/>
  <testcase name="modelTest" time="0.460" classname="io.swagger.codegen.python.PythonTest"/>
  <testcase name="complexListPropertyTest" time="0.009" classname="io.swagger.codegen.python.PythonTest"/>
  <testcase name="complexMapPropertyTest" time="0.003" classname="io.swagger.codegen.python.PythonTest"/>
</testsuite> <!-- io.swagger.codegen.python.PythonTest -->
