<?xml version="1.0" encoding="UTF-8"?>
<!-- Generated by org.testng.reporters.JUnitReportReporter -->
<testsuite hostname="Kasun" name="io.swagger.codegen.DefaultGeneratorTest" tests="4" failures="0" timestamp="26 Oct 2016 13:58:18 GMT" time="2.272" errors="0">
  <testcase name="testGenerateUniqueOperationIds" time="0.253" classname="io.swagger.codegen.DefaultGeneratorTest"/>
  <testcase name="testSkipOverwrite" time="1.669" classname="io.swagger.codegen.DefaultGeneratorTest"/>
  <testcase name="testSecurityWithGlobal" time="0.183" classname="io.swagger.codegen.DefaultGeneratorTest"/>
  <testcase name="testSecurityWithoutGlobal" time="0.167" classname="io.swagger.codegen.DefaultGeneratorTest"/>
</testsuite> <!-- io.swagger.codegen.DefaultGeneratorTest -->
