<?xml version="1.0" encoding="UTF-8"?>
<!-- Generated by org.testng.reporters.JUnitReportReporter -->
<testsuite hostname="Kasun" name="io.swagger.codegen.nodejs.NodeJSServerOptionsTest" tests="2" failures="0" timestamp="30 Sep 2016 13:54:15 GMT" time="0.082" errors="0">
  <testcase name="checkOptionsProcessing" time="0.076" classname="io.swagger.codegen.nodejs.NodeJSServerOptionsTest"/>
  <testcase name="checkOptionsHelp" time="0.006" classname="io.swagger.codegen.nodejs.NodeJSServerOptionsTest"/>
</testsuite> <!-- io.swagger.codegen.nodejs.NodeJSServerOptionsTest -->
