<?xml version="1.0" encoding="UTF-8"?>
<!-- Generated by org.testng.reporters.JUnitReportReporter -->
<testsuite hostname="Kasun" name="io.swagger.codegen.sinatra.SinatraServerOptionsTest" tests="2" failures="0" timestamp="20 Sep 2016 05:50:07 GMT" time="0.086" errors="0">
  <testcase name="checkOptionsProcessing" time="0.082" classname="io.swagger.codegen.sinatra.SinatraServerOptionsTest"/>
  <testcase name="checkOptionsHelp" time="0.004" classname="io.swagger.codegen.sinatra.SinatraServerOptionsTest"/>
</testsuite> <!-- io.swagger.codegen.sinatra.SinatraServerOptionsTest -->
