<?xml version="1.0" encoding="UTF-8"?>
<!-- Generated by org.testng.reporters.JUnitReportReporter -->
<testsuite hostname="Kasun" name="io.swagger.codegen.java.JavaModelEnumTest" tests="2" failures="0" timestamp="20 Sep 2016 05:50:07 GMT" time="0.004" errors="0">
  <testcase name="overrideEnumTest" time="0.002" classname="io.swagger.codegen.java.JavaModelEnumTest"/>
  <testcase name="converterTest" time="0.002" classname="io.swagger.codegen.java.JavaModelEnumTest"/>
</testsuite> <!-- io.swagger.codegen.java.JavaModelEnumTest -->
