<?xml version="1.0" encoding="UTF-8"?>
<!-- Generated by org.testng.reporters.JUnitReportReporter -->
<testsuite hostname="Kasun" name="io.swagger.codegen.python.PythonClientOptionsTest" tests="2" failures="0" timestamp="30 Sep 2016 13:54:15 GMT" time="0.099" errors="0">
  <testcase name="checkOptionsProcessing" time="0.096" classname="io.swagger.codegen.python.PythonClientOptionsTest"/>
  <testcase name="checkOptionsHelp" time="0.003" classname="io.swagger.codegen.python.PythonClientOptionsTest"/>
</testsuite> <!-- io.swagger.codegen.python.PythonClientOptionsTest -->
