<?xml version="1.0" encoding="UTF-8"?>
<!-- Generated by org.testng.reporters.JUnitReportReporter -->
<testsuite hostname="Kasun" name="io.swagger.codegen.slim.SlimFrameworkServerOptionsTest" tests="2" failures="0" timestamp="26 Oct 2016 13:58:17 GMT" time="0.216" errors="0">
  <testcase name="checkOptionsHelp" time="0.011" classname="io.swagger.codegen.slim.SlimFrameworkServerOptionsTest"/>
  <testcase name="checkOptionsProcessing" time="0.205" classname="io.swagger.codegen.slim.SlimFrameworkServerOptionsTest"/>
</testsuite> <!-- io.swagger.codegen.slim.SlimFrameworkServerOptionsTest -->
