<?xml version="1.0" encoding="UTF-8"?>
<!-- Generated by org.testng.reporters.JUnitReportReporter -->
<testsuite hostname="Kasun" name="io.swagger.codegen.staticDocs.StaticDocOptionsTest" tests="2" failures="0" timestamp="26 Oct 2016 13:58:18 GMT" time="0.201" errors="0">
  <testcase name="checkOptionsHelp" time="0.010" classname="io.swagger.codegen.staticDocs.StaticDocOptionsTest"/>
  <testcase name="checkOptionsProcessing" time="0.191" classname="io.swagger.codegen.staticDocs.StaticDocOptionsTest"/>
</testsuite> <!-- io.swagger.codegen.staticDocs.StaticDocOptionsTest -->
