<?xml version="1.0" encoding="UTF-8"?>
<!-- Generated by org.testng.reporters.JUnitReportReporter -->
<testsuite hostname="Kasun" name="io.swagger.codegen.SwaggerMigratorTest" tests="1" failures="0" timestamp="20 Sep 2016 05:50:07 GMT" time="0.164" errors="0">
  <testcase name="swaggerMigratorTest" time="0.164" classname="io.swagger.codegen.SwaggerMigratorTest"/>
</testsuite> <!-- io.swagger.codegen.SwaggerMigratorTest -->
