<?xml version="1.0" encoding="UTF-8"?>
<!-- Generated by org.testng.reporters.JUnitReportReporter -->
<testsuite hostname="Kasun" name="io.swagger.codegen.ruby.RubyClientOptionsTest" tests="2" failures="0" timestamp="20 Sep 2016 05:50:07 GMT" time="0.099" errors="0">
  <testcase name="checkOptionsProcessing" time="0.093" classname="io.swagger.codegen.ruby.RubyClientOptionsTest"/>
  <testcase name="checkOptionsHelp" time="0.006" classname="io.swagger.codegen.ruby.RubyClientOptionsTest"/>
</testsuite> <!-- io.swagger.codegen.ruby.RubyClientOptionsTest -->
