<?xml version="1.0" encoding="UTF-8"?>
<!-- Generated by org.testng.reporters.JUnitReportReporter -->
<testsuite hostname="Kasun" name="io.swagger.codegen.asyncscala.AsyncScalaClientOptionsTest" tests="2" failures="0" timestamp="26 Oct 2016 13:58:17 GMT" time="0.146" errors="0">
  <testcase name="checkOptionsProcessing" time="0.139" classname="io.swagger.codegen.asyncscala.AsyncScalaClientOptionsTest"/>
  <testcase name="checkOptionsHelp" time="0.007" classname="io.swagger.codegen.asyncscala.AsyncScalaClientOptionsTest"/>
</testsuite> <!-- io.swagger.codegen.asyncscala.AsyncScalaClientOptionsTest -->
