<?xml version="1.0" encoding="UTF-8"?>
<!-- Generated by org.testng.reporters.JUnitReportReporter -->
<testsuite hostname="Kasun" name="io.swagger.codegen.javascript.JavaScriptClientOptionsTest" tests="2" failures="0" timestamp="26 Oct 2016 13:58:18 GMT" time="0.216" errors="0">
  <testcase name="checkOptionsProcessing" time="0.207" classname="io.swagger.codegen.javascript.JavaScriptClientOptionsTest"/>
  <testcase name="checkOptionsHelp" time="0.009" classname="io.swagger.codegen.javascript.JavaScriptClientOptionsTest"/>
</testsuite> <!-- io.swagger.codegen.javascript.JavaScriptClientOptionsTest -->
