<?xml version="1.0" encoding="UTF-8"?>
<!-- Generated by org.testng.reporters.JUnitReportReporter -->
<testsuite hostname="Kasun" name="io.swagger.codegen.typescript.typescriptnode.TypeScriptNodeClientOptionsTest" tests="2" failures="0" timestamp="30 Sep 2016 13:54:15 GMT" time="0.060" errors="0">
  <testcase name="checkOptionsProcessing" time="0.058" classname="io.swagger.codegen.typescript.typescriptnode.TypeScriptNodeClientOptionsTest"/>
  <testcase name="checkOptionsHelp" time="0.002" classname="io.swagger.codegen.typescript.typescriptnode.TypeScriptNodeClientOptionsTest"/>
</testsuite> <!-- io.swagger.codegen.typescript.typescriptnode.TypeScriptNodeClientOptionsTest -->
