<?xml version="1.0" encoding="UTF-8"?>
<!-- Generated by org.testng.reporters.JUnitReportReporter -->
<testsuite hostname="Kasun" name="io.swagger.codegen.java.jaxrs.AllowableValuesTest" tests="5" failures="0" timestamp="26 Oct 2016 13:58:18 GMT" time="0.008" errors="0">
  <testcase name="annotationsTest" time="0.001" classname="io.swagger.codegen.java.jaxrs.AllowableValuesTest"/>
  <testcase name="annotationsTest" time="0.002" classname="io.swagger.codegen.java.jaxrs.AllowableValuesTest"/>
  <testcase name="annotationsTest" time="0.001" classname="io.swagger.codegen.java.jaxrs.AllowableValuesTest"/>
  <testcase name="annotationsTest" time="0.001" classname="io.swagger.codegen.java.jaxrs.AllowableValuesTest"/>
  <testcase name="annotationsTest" time="0.003" classname="io.swagger.codegen.java.jaxrs.AllowableValuesTest"/>
</testsuite> <!-- io.swagger.codegen.java.jaxrs.AllowableValuesTest -->
