<?xml version="1.0" encoding="UTF-8"?>
<!-- Generated by org.testng.reporters.JUnitReportReporter -->
<testsuite hostname="Kasun" name="io.swagger.codegen.aspnet5.AspNet5ServerOptionsTest" tests="2" failures="0" timestamp="20 Sep 2016 05:50:07 GMT" time="0.073" errors="0">
  <testcase name="checkOptionsHelp" time="0.004" classname="io.swagger.codegen.aspnet5.AspNet5ServerOptionsTest"/>
  <testcase name="checkOptionsProcessing" time="0.069" classname="io.swagger.codegen.aspnet5.AspNet5ServerOptionsTest"/>
</testsuite> <!-- io.swagger.codegen.aspnet5.AspNet5ServerOptionsTest -->
