<?xml version="1.0" encoding="UTF-8"?>
<!-- Generated by org.testng.reporters.JUnitReportReporter -->
<testsuite hostname="Kasun" name="io.swagger.codegen.silex.SilexServerOptionsTest" tests="2" failures="0" timestamp="26 Oct 2016 13:58:18 GMT" time="0.221" errors="0">
  <testcase name="checkOptionsHelp" time="0.010" classname="io.swagger.codegen.silex.SilexServerOptionsTest"/>
  <testcase name="checkOptionsProcessing" time="0.211" classname="io.swagger.codegen.silex.SilexServerOptionsTest"/>
</testsuite> <!-- io.swagger.codegen.silex.SilexServerOptionsTest -->
