<?xml version="1.0" encoding="UTF-8"?>
<!-- Generated by org.testng.reporters.JUnitReportReporter -->
<testsuite hostname="Kasun" name="io.swagger.codegen.swagger.SwaggerOptionsTest" tests="2" failures="0" timestamp="26 Oct 2016 13:58:18 GMT" time="0.206" errors="0">
  <testcase name="checkOptionsProcessing" time="0.196" classname="io.swagger.codegen.swagger.SwaggerOptionsTest"/>
  <testcase name="checkOptionsHelp" time="0.010" classname="io.swagger.codegen.swagger.SwaggerOptionsTest"/>
</testsuite> <!-- io.swagger.codegen.swagger.SwaggerOptionsTest -->
