<?xml version="1.0" encoding="UTF-8"?>
<!-- Generated by org.testng.reporters.JUnitReportReporter -->
<testsuite hostname="Kasun" name="io.swagger.codegen.nodejs.NodeJSServerOptionsTest" tests="2" failures="0" timestamp="20 Sep 2016 05:50:07 GMT" time="0.076" errors="0">
  <testcase name="checkOptionsProcessing" time="0.072" classname="io.swagger.codegen.nodejs.NodeJSServerOptionsTest"/>
  <testcase name="checkOptionsHelp" time="0.004" classname="io.swagger.codegen.nodejs.NodeJSServerOptionsTest"/>
</testsuite> <!-- io.swagger.codegen.nodejs.NodeJSServerOptionsTest -->
