<?xml version="1.0" encoding="UTF-8"?>
<!-- Generated by org.testng.reporters.JUnitReportReporter -->
<testsuite hostname="Kasun" name="io.swagger.codegen.dart.DartClientOptionsTest" tests="2" failures="0" timestamp="26 Oct 2016 13:58:18 GMT" time="0.180" errors="0">
  <testcase name="checkOptionsProcessing" time="0.169" classname="io.swagger.codegen.dart.DartClientOptionsTest"/>
  <testcase name="checkOptionsHelp" time="0.011" classname="io.swagger.codegen.dart.DartClientOptionsTest"/>
</testsuite> <!-- io.swagger.codegen.dart.DartClientOptionsTest -->
