<?xml version="1.0" encoding="UTF-8"?>
<!-- Generated by org.testng.reporters.JUnitReportReporter -->
<testsuite hostname="Kasun" name="io.swagger.codegen.ruby.RubyClientCodegenTest" tests="1" failures="0" timestamp="20 Sep 2016 05:50:07 GMT" time="0.082" errors="0">
  <testcase name="testGenerateRubyClientWithHtmlEntity" time="0.082" classname="io.swagger.codegen.ruby.RubyClientCodegenTest"/>
</testsuite> <!-- io.swagger.codegen.ruby.RubyClientCodegenTest -->
