<?xml version="1.0" encoding="UTF-8"?>
<!-- Generated by org.testng.reporters.JUnitReportReporter -->
<testsuite hostname="Kasun" name="io.swagger.codegen.jaxrs.JaxrsJodaModelTest" tests="1" failures="0" timestamp="26 Oct 2016 13:58:17 GMT" time="0.010" errors="0">
  <testcase name="simpleModelTest" time="0.010" classname="io.swagger.codegen.jaxrs.JaxrsJodaModelTest"/>
</testsuite> <!-- io.swagger.codegen.jaxrs.JaxrsJodaModelTest -->
