<?xml version="1.0" encoding="UTF-8"?>
<!-- Generated by org.testng.reporters.JUnitReportReporter -->
<testsuite hostname="Kasun" name="io.swagger.codegen.inflector.JavaInflectorServerOptionsTest" tests="2" failures="0" timestamp="30 Sep 2016 13:54:15 GMT" time="0.108" errors="0">
  <testcase name="checkOptionsHelp" time="0.003" classname="io.swagger.codegen.inflector.JavaInflectorServerOptionsTest"/>
  <testcase name="checkOptionsProcessing" time="0.105" classname="io.swagger.codegen.inflector.JavaInflectorServerOptionsTest"/>
</testsuite> <!-- io.swagger.codegen.inflector.JavaInflectorServerOptionsTest -->
