<?xml version="1.0" encoding="UTF-8"?>
<!-- Generated by org.testng.reporters.JUnitReportReporter -->
<testsuite hostname="Kasun" name="io.swagger.codegen.typescript.typescriptangular2.TypeScriptAngular2ModelTest" tests="6" failures="0" timestamp="26 Oct 2016 13:58:17 GMT" time="0.017" errors="0">
  <testcase name="arrayModelTest" time="0.008" classname="io.swagger.codegen.typescript.typescriptangular2.TypeScriptAngular2ModelTest"/>
  <testcase name="complexListPropertyTest" time="0.003" classname="io.swagger.codegen.typescript.typescriptangular2.TypeScriptAngular2ModelTest"/>
  <testcase name="complexPropertyTest" time="0.002" classname="io.swagger.codegen.typescript.typescriptangular2.TypeScriptAngular2ModelTest"/>
  <testcase name="simpleModelTest" time="0.002" classname="io.swagger.codegen.typescript.typescriptangular2.TypeScriptAngular2ModelTest"/>
  <testcase name="mapModelTest" time="0.000" classname="io.swagger.codegen.typescript.typescriptangular2.TypeScriptAngular2ModelTest"/>
  <testcase name="listPropertyTest" time="0.002" classname="io.swagger.codegen.typescript.typescriptangular2.TypeScriptAngular2ModelTest"/>
</testsuite> <!-- io.swagger.codegen.typescript.typescriptangular2.TypeScriptAngular2ModelTest -->
