<?xml version="1.0" encoding="UTF-8"?>
<!-- Generated by org.testng.reporters.JUnitReportReporter -->
<testsuite hostname="Kasun" name="io.swagger.codegen.ruby.RubyClientOptionsTest" tests="2" failures="0" timestamp="30 Sep 2016 13:54:15 GMT" time="0.105" errors="0">
  <testcase name="checkOptionsProcessing" time="0.102" classname="io.swagger.codegen.ruby.RubyClientOptionsTest"/>
  <testcase name="checkOptionsHelp" time="0.003" classname="io.swagger.codegen.ruby.RubyClientOptionsTest"/>
</testsuite> <!-- io.swagger.codegen.ruby.RubyClientOptionsTest -->
