<?xml version="1.0" encoding="UTF-8"?>
<!-- Generated by org.testng.reporters.JUnitReportReporter -->
<testsuite hostname="Kasun" name="io.swagger.codegen.akkascala.AkkaScalaClientOptionsTest" tests="2" failures="0" timestamp="30 Sep 2016 13:54:15 GMT" time="0.265" errors="0">
  <testcase name="checkOptionsHelp" time="0.083" classname="io.swagger.codegen.akkascala.AkkaScalaClientOptionsTest"/>
  <testcase name="checkOptionsProcessing" time="0.182" classname="io.swagger.codegen.akkascala.AkkaScalaClientOptionsTest"/>
</testsuite> <!-- io.swagger.codegen.akkascala.AkkaScalaClientOptionsTest -->
