<?xml version="1.0" encoding="UTF-8"?>
<!-- Generated by org.testng.reporters.JUnitReportReporter -->
<testsuite hostname="Kasun" name="io.swagger.codegen.staticDocs.StaticOperationTest" tests="3" failures="0" timestamp="30 Sep 2016 13:54:15 GMT" time="0.002" errors="0">
  <testcase name="stringParameterTest" time="0.000" classname="io.swagger.codegen.staticDocs.StaticOperationTest"/>
  <testcase name="complexParameterTest" time="0.002" classname="io.swagger.codegen.staticDocs.StaticOperationTest"/>
  <testcase name="listParameterTest" time="0.000" classname="io.swagger.codegen.staticDocs.StaticOperationTest"/>
</testsuite> <!-- io.swagger.codegen.staticDocs.StaticOperationTest -->
