<?xml version="1.0" encoding="UTF-8"?>
<!-- Generated by org.testng.reporters.JUnitReportReporter -->
<testsuite hostname="Kasun" name="io.swagger.codegen.typescript.fetch.TypeScriptFetchClientOptionsTest" tests="2" failures="0" timestamp="20 Sep 2016 05:50:07 GMT" time="0.100" errors="0">
  <testcase name="checkOptionsHelp" time="0.004" classname="io.swagger.codegen.typescript.fetch.TypeScriptFetchClientOptionsTest"/>
  <testcase name="checkOptionsProcessing" time="0.096" classname="io.swagger.codegen.typescript.fetch.TypeScriptFetchClientOptionsTest"/>
</testsuite> <!-- io.swagger.codegen.typescript.fetch.TypeScriptFetchClientOptionsTest -->
