<?xml version="1.0" encoding="UTF-8"?>
<!-- Generated by org.testng.reporters.JUnitReportReporter -->
<testsuite hostname="Kasun" name="io.swagger.codegen.csharp.CSharpClientOptionsTest" tests="2" failures="0" timestamp="26 Oct 2016 13:58:18 GMT" time="0.522" errors="0">
  <testcase name="checkOptionsHelp" time="0.286" classname="io.swagger.codegen.csharp.CSharpClientOptionsTest"/>
  <testcase name="checkOptionsProcessing" time="0.236" classname="io.swagger.codegen.csharp.CSharpClientOptionsTest"/>
</testsuite> <!-- io.swagger.codegen.csharp.CSharpClientOptionsTest -->
