<?xml version="1.0" encoding="UTF-8"?>
<!-- Generated by org.testng.reporters.JUnitReportReporter -->
<testsuite hostname="Kasun" name="io.swagger.codegen.akkascala.AkkaScalaClientOptionsTest" tests="2" failures="0" timestamp="20 Sep 2016 05:50:07 GMT" time="0.229" errors="0">
  <testcase name="checkOptionsHelp" time="0.066" classname="io.swagger.codegen.akkascala.AkkaScalaClientOptionsTest"/>
  <testcase name="checkOptionsProcessing" time="0.163" classname="io.swagger.codegen.akkascala.AkkaScalaClientOptionsTest"/>
</testsuite> <!-- io.swagger.codegen.akkascala.AkkaScalaClientOptionsTest -->
