<?xml version="1.0" encoding="UTF-8"?>
<!-- Generated by org.testng.reporters.JUnitReportReporter -->
<testsuite hostname="Kasun" name="io.swagger.codegen.statichtml.StaticHtmlOptionsTest" tests="2" failures="0" timestamp="26 Oct 2016 13:58:17 GMT" time="0.198" errors="0">
  <testcase name="checkOptionsProcessing" time="0.187" classname="io.swagger.codegen.statichtml.StaticHtmlOptionsTest"/>
  <testcase name="checkOptionsHelp" time="0.011" classname="io.swagger.codegen.statichtml.StaticHtmlOptionsTest"/>
</testsuite> <!-- io.swagger.codegen.statichtml.StaticHtmlOptionsTest -->
