<?xml version="1.0" encoding="UTF-8"?>
<!-- Generated by org.testng.reporters.JUnitReportReporter -->
<testsuite hostname="Kasun" name="io.swagger.codegen.python.PythonClientOptionsTest" tests="2" failures="0" timestamp="26 Oct 2016 13:58:17 GMT" time="0.250" errors="0">
  <testcase name="checkOptionsProcessing" time="0.238" classname="io.swagger.codegen.python.PythonClientOptionsTest"/>
  <testcase name="checkOptionsHelp" time="0.012" classname="io.swagger.codegen.python.PythonClientOptionsTest"/>
</testsuite> <!-- io.swagger.codegen.python.PythonClientOptionsTest -->
