<?xml version="1.0" encoding="UTF-8"?>
<!-- Generated by org.testng.reporters.JUnitReportReporter -->
<testsuite hostname="Kasun" name="io.swagger.codegen.lumen.LumenServerOptionsTest" tests="2" failures="0" timestamp="20 Sep 2016 05:50:07 GMT" time="0.109" errors="0">
  <testcase name="checkOptionsProcessing" time="0.106" classname="io.swagger.codegen.lumen.LumenServerOptionsTest"/>
  <testcase name="checkOptionsHelp" time="0.003" classname="io.swagger.codegen.lumen.LumenServerOptionsTest"/>
</testsuite> <!-- io.swagger.codegen.lumen.LumenServerOptionsTest -->
