<?xml version="1.0" encoding="UTF-8"?>
<!-- Generated by org.testng.reporters.JUnitReportReporter -->
<testsuite hostname="Kasun" name="io.swagger.codegen.javascript.JavaScriptInheritanceTest" tests="2" failures="0" timestamp="30 Sep 2016 13:54:15 GMT" time="0.004" errors="0">
  <testcase name="javascriptNoInheritanceTest" time="0.001" classname="io.swagger.codegen.javascript.JavaScriptInheritanceTest"/>
  <testcase name="javascriptInheritanceTest" time="0.003" classname="io.swagger.codegen.javascript.JavaScriptInheritanceTest"/>
</testsuite> <!-- io.swagger.codegen.javascript.JavaScriptInheritanceTest -->
