<?xml version="1.0" encoding="UTF-8"?>
<!-- Generated by org.testng.reporters.JUnitReportReporter -->
<testsuite hostname="DESKTOP-21VU7B1" name="com.rip.sql.dao.EmployeeDaoImplTest" tests="6" failures="0" timestamp="8 Sep 2016 13:12:05 GMT" time="0.524" errors="0">
  <testcase name="saveEmployee" time="0.040" classname="com.rip.sql.dao.EmployeeDaoImplTest"/>
  <testcase name="findEmployeeBySsn" time="0.037" classname="com.rip.sql.dao.EmployeeDaoImplTest"/>
  <testcase name="findAllEmployees" time="0.152" classname="com.rip.sql.dao.EmployeeDaoImplTest"/>
  <testcase name="findById" time="0.026" classname="com.rip.sql.dao.EmployeeDaoImplTest"/>
  <testcase name="deleteEmployeeBySsn" time="0.019" classname="com.rip.sql.dao.EmployeeDaoImplTest"/>
  <testcase name="deleteEmployeeByInvalidSsn" time="0.250" classname="com.rip.sql.dao.EmployeeDaoImplTest"/>
</testsuite> <!-- com.rip.sql.dao.EmployeeDaoImplTest -->
