<?xml version="1.0" encoding="UTF-8"?>
<!-- Generated by org.testng.reporters.JUnitReportReporter -->
<testsuite hostname="DESKTOP-21VU7B1" name="com.rip.framework.controller.AppControllerTest" tests="10" failures="0" timestamp="14 Sep 2016 01:56:19 GMT" time="0.076" errors="0">
  <testcase name="newEmployee" time="0.001" classname="com.rip.framework.controller.AppControllerTest"/>
  <testcase name="saveEmployeeWithValidationError" time="0.000" classname="com.rip.framework.controller.AppControllerTest"/>
  <testcase name="updateEmployeeWithValidationError" time="0.001" classname="com.rip.framework.controller.AppControllerTest"/>
  <testcase name="deleteEmployee" time="0.017" classname="com.rip.framework.controller.AppControllerTest"/>
  <testcase name="listEmployees" time="0.012" classname="com.rip.framework.controller.AppControllerTest"/>
  <testcase name="saveEmployeeWithSuccess" time="0.001" classname="com.rip.framework.controller.AppControllerTest"/>
  <testcase name="updateEmployeeWithValidationErrorNonUniqueSSN" time="0.001" classname="com.rip.framework.controller.AppControllerTest"/>
  <testcase name="updateEmployeeWithSuccess" time="0.001" classname="com.rip.framework.controller.AppControllerTest"/>
  <testcase name="editEmployee" time="0.040" classname="com.rip.framework.controller.AppControllerTest"/>
  <testcase name="saveEmployeeWithValidationErrorNonUniqueSSN" time="0.002" classname="com.rip.framework.controller.AppControllerTest"/>
</testsuite> <!-- com.rip.framework.controller.AppControllerTest -->
