<?xml version="1.0" encoding="UTF-8"?>
<!-- Generated by org.testng.reporters.JUnitReportReporter -->
<testsuite hostname="DESKTOP-21VU7B1" name="com.rip.framework.dao.EmployeeDaoImplTest" tests="6" failures="0" timestamp="14 Sep 2016 01:03:55 GMT" time="0.528" errors="0">
  <testcase name="findById" time="0.027" classname="com.rip.framework.dao.EmployeeDaoImplTest"/>
  <testcase name="deleteEmployeeByInvalidSsn" time="0.193" classname="com.rip.framework.dao.EmployeeDaoImplTest"/>
  <testcase name="deleteEmployeeBySsn" time="0.017" classname="com.rip.framework.dao.EmployeeDaoImplTest"/>
  <testcase name="findAllEmployees" time="0.019" classname="com.rip.framework.dao.EmployeeDaoImplTest"/>
  <testcase name="saveEmployee" time="0.238" classname="com.rip.framework.dao.EmployeeDaoImplTest"/>
  <testcase name="findEmployeeBySsn" time="0.034" classname="com.rip.framework.dao.EmployeeDaoImplTest"/>
</testsuite> <!-- com.rip.framework.dao.EmployeeDaoImplTest -->
