<?xml version="1.0" encoding="UTF-8"?>
<!-- Generated by org.testng.reporters.JUnitReportReporter -->
<testsuite hostname="DESKTOP-21VU7B1" name="com.rip.framework.dao.EmployeeDaoImplTest" tests="6" failures="0" timestamp="10 Sep 2016 14:08:39 GMT" time="0.671" errors="0">
  <testcase name="findEmployeeBySsn" time="0.196" classname="com.rip.framework.dao.EmployeeDaoImplTest"/>
  <testcase name="deleteEmployeeBySsn" time="0.026" classname="com.rip.framework.dao.EmployeeDaoImplTest"/>
  <testcase name="findAllEmployees" time="0.024" classname="com.rip.framework.dao.EmployeeDaoImplTest"/>
  <testcase name="findById" time="0.028" classname="com.rip.framework.dao.EmployeeDaoImplTest"/>
  <testcase name="deleteEmployeeByInvalidSsn" time="0.360" classname="com.rip.framework.dao.EmployeeDaoImplTest"/>
  <testcase name="saveEmployee" time="0.037" classname="com.rip.framework.dao.EmployeeDaoImplTest"/>
</testsuite> <!-- com.rip.framework.dao.EmployeeDaoImplTest -->
