<?xml version="1.0" encoding="UTF-8"?>
<!-- Generated by org.testng.reporters.JUnitReportReporter -->
<testsuite hostname="DESKTOP-21VU7B1" name="com.rip.framework.dao.EmployeeDaoImplTest" tests="6" failures="0" timestamp="14 Sep 2016 16:25:25 GMT" time="0.458" errors="0">
  <testcase name="findById" time="0.025" classname="com.rip.framework.dao.EmployeeDaoImplTest"/>
  <testcase name="deleteEmployeeByInvalidSsn" time="0.181" classname="com.rip.framework.dao.EmployeeDaoImplTest"/>
  <testcase name="deleteEmployeeBySsn" time="0.017" classname="com.rip.framework.dao.EmployeeDaoImplTest"/>
  <testcase name="findAllEmployees" time="0.025" classname="com.rip.framework.dao.EmployeeDaoImplTest"/>
  <testcase name="saveEmployee" time="0.175" classname="com.rip.framework.dao.EmployeeDaoImplTest"/>
  <testcase name="findEmployeeBySsn" time="0.035" classname="com.rip.framework.dao.EmployeeDaoImplTest"/>
</testsuite> <!-- com.rip.framework.dao.EmployeeDaoImplTest -->
