<?xml version="1.0" encoding="UTF-8"?>
<!-- Generated by org.testng.reporters.JUnitReportReporter -->
<testsuite hostname="DESKTOP-21VU7B1" name="com.rip.framework.dao.EmployeeDaoImplTest" tests="6" failures="0" timestamp="10 Sep 2016 13:17:52 GMT" time="0.477" errors="0">
  <testcase name="saveEmployee" time="0.040" classname="com.rip.framework.dao.EmployeeDaoImplTest"/>
  <testcase name="findEmployeeBySsn" time="0.047" classname="com.rip.framework.dao.EmployeeDaoImplTest"/>
  <testcase name="findAllEmployees" time="0.157" classname="com.rip.framework.dao.EmployeeDaoImplTest"/>
  <testcase name="findById" time="0.024" classname="com.rip.framework.dao.EmployeeDaoImplTest"/>
  <testcase name="deleteEmployeeBySsn" time="0.018" classname="com.rip.framework.dao.EmployeeDaoImplTest"/>
  <testcase name="deleteEmployeeByInvalidSsn" time="0.191" classname="com.rip.framework.dao.EmployeeDaoImplTest"/>
</testsuite> <!-- com.rip.framework.dao.EmployeeDaoImplTest -->
