<?xml version="1.0" encoding="UTF-8"?>
<!-- Generated by org.testng.reporters.JUnitReportReporter -->
<testsuite hostname="DESKTOP-21VU7B1" name="com.rip.framework.dao.EmployeeDaoImplTest" tests="6" failures="0" timestamp="14 Sep 2016 01:56:19 GMT" time="0.526" errors="0">
  <testcase name="findById" time="0.032" classname="com.rip.framework.dao.EmployeeDaoImplTest"/>
  <testcase name="deleteEmployeeByInvalidSsn" time="0.203" classname="com.rip.framework.dao.EmployeeDaoImplTest"/>
  <testcase name="deleteEmployeeBySsn" time="0.022" classname="com.rip.framework.dao.EmployeeDaoImplTest"/>
  <testcase name="findAllEmployees" time="0.021" classname="com.rip.framework.dao.EmployeeDaoImplTest"/>
  <testcase name="saveEmployee" time="0.179" classname="com.rip.framework.dao.EmployeeDaoImplTest"/>
  <testcase name="findEmployeeBySsn" time="0.069" classname="com.rip.framework.dao.EmployeeDaoImplTest"/>
</testsuite> <!-- com.rip.framework.dao.EmployeeDaoImplTest -->
