<?xml version="1.0" encoding="UTF-8"?>
<!-- Generated by org.testng.reporters.JUnitReportReporter -->
<testsuite hostname="DESKTOP-21VU7B1" name="com.rip.sql.dao.EmployeeDaoImplTest" tests="6" failures="0" timestamp="10 Sep 2016 14:08:31 GMT" time="0.449" errors="0">
  <testcase name="saveEmployee" time="0.034" classname="com.rip.sql.dao.EmployeeDaoImplTest"/>
  <testcase name="findEmployeeBySsn" time="0.033" classname="com.rip.sql.dao.EmployeeDaoImplTest"/>
  <testcase name="findAllEmployees" time="0.162" classname="com.rip.sql.dao.EmployeeDaoImplTest"/>
  <testcase name="findById" time="0.024" classname="com.rip.sql.dao.EmployeeDaoImplTest"/>
  <testcase name="deleteEmployeeBySsn" time="0.015" classname="com.rip.sql.dao.EmployeeDaoImplTest"/>
  <testcase name="deleteEmployeeByInvalidSsn" time="0.181" classname="com.rip.sql.dao.EmployeeDaoImplTest"/>
</testsuite> <!-- com.rip.sql.dao.EmployeeDaoImplTest -->
