<?xml version="1.0" encoding="UTF-8"?>
<!-- Generated by org.testng.reporters.JUnitReportReporter -->
<testsuite hostname="DESKTOP-21VU7B1" name="com.rip.framework.service.EmployeeServiceImplTest" tests="7" failures="0" timestamp="8 Sep 2016 13:22:52 GMT" time="0.006" errors="0">
  <testcase name="saveEmployee" time="0.001" classname="com.rip.framework.service.EmployeeServiceImplTest"/>
  <testcase name="isEmployeeSsnUnique" time="0.000" classname="com.rip.framework.service.EmployeeServiceImplTest"/>
  <testcase name="findAllEmployees" time="0.001" classname="com.rip.framework.service.EmployeeServiceImplTest"/>
  <testcase name="updateEmployee" time="0.003" classname="com.rip.framework.service.EmployeeServiceImplTest"/>
  <testcase name="findById" time="0.000" classname="com.rip.framework.service.EmployeeServiceImplTest"/>
  <testcase name="deleteEmployeeBySsn" time="0.001" classname="com.rip.framework.service.EmployeeServiceImplTest"/>
  <testcase name="findEmployeeBySsn" time="0.000" classname="com.rip.framework.service.EmployeeServiceImplTest"/>
</testsuite> <!-- com.rip.framework.service.EmployeeServiceImplTest -->
