<?xml version="1.0" encoding="UTF-8"?>
<!-- Generated by org.testng.reporters.JUnitReportReporter -->
<testsuite hostname="DESKTOP-21VU7B1" name="com.rip.framework.dao.EmployeeDaoImplTest" tests="6" failures="0" timestamp="8 Sep 2016 13:22:52 GMT" time="0.492" errors="0">
  <testcase name="saveEmployee" time="0.043" classname="com.rip.framework.dao.EmployeeDaoImplTest"/>
  <testcase name="findEmployeeBySsn" time="0.033" classname="com.rip.framework.dao.EmployeeDaoImplTest"/>
  <testcase name="findAllEmployees" time="0.169" classname="com.rip.framework.dao.EmployeeDaoImplTest"/>
  <testcase name="findById" time="0.030" classname="com.rip.framework.dao.EmployeeDaoImplTest"/>
  <testcase name="deleteEmployeeBySsn" time="0.021" classname="com.rip.framework.dao.EmployeeDaoImplTest"/>
  <testcase name="deleteEmployeeByInvalidSsn" time="0.196" classname="com.rip.framework.dao.EmployeeDaoImplTest"/>
</testsuite> <!-- com.rip.framework.dao.EmployeeDaoImplTest -->
