<?xml version="1.0" encoding="UTF-8"?>
<!-- Generated by org.testng.reporters.JUnitReportReporter -->
<testsuite hostname="Kasun" name="io.swagger.codegen.cmd.GenerateTest" tests="20" failures="0" timestamp="20 Sep 2016 05:50:19 GMT" time="0.448" errors="0">
  <testcase name="testAdditionalProperties" time="0.321" classname="io.swagger.codegen.cmd.GenerateTest"/>
  <testcase name="testArtifactVersion" time="0.008" classname="io.swagger.codegen.cmd.GenerateTest"/>
  <testcase name="testRequiredArgs_ShortArgs" time="0.004" classname="io.swagger.codegen.cmd.GenerateTest"/>
  <testcase name="testGroupId" time="0.005" classname="io.swagger.codegen.cmd.GenerateTest"/>
  <testcase name="testImportMappings" time="0.004" classname="io.swagger.codegen.cmd.GenerateTest"/>
  <testcase name="testInstantiationTypes" time="0.004" classname="io.swagger.codegen.cmd.GenerateTest"/>
  <testcase name="testVerbose" time="0.009" classname="io.swagger.codegen.cmd.GenerateTest"/>
  <testcase name="testTemplateDir" time="0.010" classname="io.swagger.codegen.cmd.GenerateTest"/>
  <testcase name="testArtifactId" time="0.007" classname="io.swagger.codegen.cmd.GenerateTest"/>
  <testcase name="testAuth" time="0.014" classname="io.swagger.codegen.cmd.GenerateTest"/>
  <testcase name="testLanguageSpecificPrimitives" time="0.005" classname="io.swagger.codegen.cmd.GenerateTest"/>
  <testcase name="testLibrary" time="0.005" classname="io.swagger.codegen.cmd.GenerateTest"/>
  <testcase name="testConfig" time="0.009" classname="io.swagger.codegen.cmd.GenerateTest"/>
  <testcase name="testRequiredArgs_LongArgs" time="0.003" classname="io.swagger.codegen.cmd.GenerateTest"/>
  <testcase name="testSystemProperties" time="0.011" classname="io.swagger.codegen.cmd.GenerateTest"/>
  <testcase name="testInvokerPackage" time="0.004" classname="io.swagger.codegen.cmd.GenerateTest"/>
  <testcase name="testApiPackage" time="0.007" classname="io.swagger.codegen.cmd.GenerateTest"/>
  <testcase name="testTypeMappings" time="0.005" classname="io.swagger.codegen.cmd.GenerateTest"/>
  <testcase name="testModelPackage" time="0.004" classname="io.swagger.codegen.cmd.GenerateTest"/>
  <testcase name="testSkipOverwrite" time="0.009" classname="io.swagger.codegen.cmd.GenerateTest"/>
</testsuite> <!-- io.swagger.codegen.cmd.GenerateTest -->
